[2m2025-04-18 14:00:48.478[0;39m [[31mERROR[0;39m] [35m14260[0;39m [2m[nio-8080-exec-1 ][0;39m [31mnet.mingsoft.basic.exception.GlobalExceptionResolver[0;39m:360 [2m:[0;39m java.io.IOException: 你的主机中的软件中止了一个已建立的连接。
[2m2025-04-18 14:00:48.552[0;39m [[31mERROR[0;39m] [35m14260[0;39m [2m[nio-8080-exec-4 ][0;39m [31mnet.mingsoft.basic.exception.GlobalExceptionResolver[0;39m:360 [2m:[0;39m java.io.IOException: 你的主机中的软件中止了一个已建立的连接。
[2m2025-04-18 14:00:48.630[0;39m [[31mERROR[0;39m] [35m14260[0;39m [2m[nio-8080-exec-1 ][0;39m [31morg.apache.catalina.core.ContainerBase.[Tomcat].[localhost].[/].[dispatcherServlet][0;39m:175 [2m:[0;39m Servlet.service() for servlet [dispatcherServlet] in context with path [] threw exception [Request processing failed; nested exception is java.lang.IllegalStateException: getOutputStream() has already been called for this response] with root cause

java.lang.IllegalStateException: getOutputStream() has already been called for this response
	at org.apache.catalina.connector.Response.getWriter(Response.java:572) ~[tomcat-embed-core-9.0.83.jar:9.0.83]
	at org.apache.catalina.connector.ResponseFacade.getWriter(ResponseFacade.java:189) ~[tomcat-embed-core-9.0.83.jar:9.0.83]
	at javax.servlet.ServletResponseWrapper.getWriter(ServletResponseWrapper.java:117) ~[javax.servlet-api-4.0.1.jar:4.0.1]
	at org.springframework.web.servlet.view.freemarker.FreeMarkerView.processTemplate(FreeMarkerView.java:391) ~[spring-webmvc-5.3.31.jar:5.3.31]
	at org.springframework.web.servlet.view.freemarker.FreeMarkerView.doRender(FreeMarkerView.java:304) ~[spring-webmvc-5.3.31.jar:5.3.31]
	at org.springframework.web.servlet.view.freemarker.FreeMarkerView.renderMergedTemplateModel(FreeMarkerView.java:255) ~[spring-webmvc-5.3.31.jar:5.3.31]
	at org.springframework.web.servlet.view.AbstractTemplateView.renderMergedOutputModel(AbstractTemplateView.java:181) ~[spring-webmvc-5.3.31.jar:5.3.31]
	at org.springframework.web.servlet.view.AbstractView.render(AbstractView.java:316) ~[spring-webmvc-5.3.31.jar:5.3.31]
	at org.springframework.web.servlet.DispatcherServlet.render(DispatcherServlet.java:1406) ~[spring-webmvc-5.3.31.jar:5.3.31]
	at org.springframework.web.servlet.DispatcherServlet.processDispatchResult(DispatcherServlet.java:1150) ~[spring-webmvc-5.3.31.jar:5.3.31]
	at org.springframework.web.servlet.DispatcherServlet.doDispatch(DispatcherServlet.java:1089) ~[spring-webmvc-5.3.31.jar:5.3.31]
	at org.springframework.web.servlet.DispatcherServlet.doService(DispatcherServlet.java:965) ~[spring-webmvc-5.3.31.jar:5.3.31]
	at org.springframework.web.servlet.FrameworkServlet.processRequest(FrameworkServlet.java:1006) ~[spring-webmvc-5.3.31.jar:5.3.31]
	at org.springframework.web.servlet.FrameworkServlet.doGet(FrameworkServlet.java:898) ~[spring-webmvc-5.3.31.jar:5.3.31]
	at javax.servlet.http.HttpServlet.service(HttpServlet.java:645) ~[javax.servlet-api-4.0.1.jar:4.0.1]
	at org.springframework.web.servlet.FrameworkServlet.service(FrameworkServlet.java:883) ~[spring-webmvc-5.3.31.jar:5.3.31]
	at javax.servlet.http.HttpServlet.service(HttpServlet.java:750) ~[javax.servlet-api-4.0.1.jar:4.0.1]
	at org.apache.catalina.core.ApplicationFilterChain.internalDoFilter(ApplicationFilterChain.java:209) ~[tomcat-embed-core-9.0.83.jar:9.0.83]
	at org.apache.catalina.core.ApplicationFilterChain.doFilter(ApplicationFilterChain.java:153) ~[tomcat-embed-core-9.0.83.jar:9.0.83]
	at org.apache.tomcat.websocket.server.WsFilter.doFilter(WsFilter.java:51) ~[tomcat-embed-websocket-9.0.83.jar:9.0.83]
	at org.apache.catalina.core.ApplicationFilterChain.internalDoFilter(ApplicationFilterChain.java:178) ~[tomcat-embed-core-9.0.83.jar:9.0.83]
	at org.apache.catalina.core.ApplicationFilterChain.doFilter(ApplicationFilterChain.java:153) ~[tomcat-embed-core-9.0.83.jar:9.0.83]
	at org.apache.shiro.web.servlet.ProxiedFilterChain.doFilter(ProxiedFilterChain.java:61) ~[shiro-all-1.13.0.jar:?]
	at org.apache.shiro.web.servlet.AdviceFilter.executeChain(AdviceFilter.java:108) ~[shiro-all-1.13.0.jar:?]
	at org.apache.shiro.web.servlet.AdviceFilter.doFilterInternal(AdviceFilter.java:137) ~[shiro-all-1.13.0.jar:?]
	at org.apache.shiro.web.servlet.OncePerRequestFilter.doFilter(OncePerRequestFilter.java:154) ~[shiro-all-1.13.0.jar:?]
	at org.apache.shiro.web.servlet.ProxiedFilterChain.doFilter(ProxiedFilterChain.java:66) ~[shiro-all-1.13.0.jar:?]
	at org.apache.shiro.web.servlet.AbstractShiroFilter.executeChain(AbstractShiroFilter.java:458) ~[shiro-all-1.13.0.jar:?]
	at org.apache.shiro.web.servlet.AbstractShiroFilter$1.call(AbstractShiroFilter.java:373) ~[shiro-all-1.13.0.jar:?]
	at org.apache.shiro.subject.support.SubjectCallable.doCall(SubjectCallable.java:90) ~[shiro-all-1.13.0.jar:?]
	at org.apache.shiro.subject.support.SubjectCallable.call(SubjectCallable.java:83) ~[shiro-all-1.13.0.jar:?]
	at org.apache.shiro.subject.support.DelegatingSubject.execute(DelegatingSubject.java:387) ~[shiro-all-1.13.0.jar:?]
	at org.apache.shiro.web.servlet.AbstractShiroFilter.doFilterInternal(AbstractShiroFilter.java:370) ~[shiro-all-1.13.0.jar:?]
	at org.apache.shiro.web.servlet.OncePerRequestFilter.doFilter(OncePerRequestFilter.java:154) ~[shiro-all-1.13.0.jar:?]
	at org.apache.catalina.core.ApplicationFilterChain.internalDoFilter(ApplicationFilterChain.java:178) ~[tomcat-embed-core-9.0.83.jar:9.0.83]
	at org.apache.catalina.core.ApplicationFilterChain.doFilter(ApplicationFilterChain.java:153) ~[tomcat-embed-core-9.0.83.jar:9.0.83]
	at org.springframework.web.filter.RequestContextFilter.doFilterInternal(RequestContextFilter.java:100) ~[spring-web-5.3.31.jar:5.3.31]
	at org.springframework.web.filter.OncePerRequestFilter.doFilter(OncePerRequestFilter.java:117) ~[spring-web-5.3.31.jar:5.3.31]
	at org.apache.catalina.core.ApplicationFilterChain.internalDoFilter(ApplicationFilterChain.java:178) ~[tomcat-embed-core-9.0.83.jar:9.0.83]
	at org.apache.catalina.core.ApplicationFilterChain.doFilter(ApplicationFilterChain.java:153) ~[tomcat-embed-core-9.0.83.jar:9.0.83]
	at org.springframework.web.filter.FormContentFilter.doFilterInternal(FormContentFilter.java:93) ~[spring-web-5.3.31.jar:5.3.31]
	at org.springframework.web.filter.OncePerRequestFilter.doFilter(OncePerRequestFilter.java:117) ~[spring-web-5.3.31.jar:5.3.31]
	at org.apache.catalina.core.ApplicationFilterChain.internalDoFilter(ApplicationFilterChain.java:178) ~[tomcat-embed-core-9.0.83.jar:9.0.83]
	at org.apache.catalina.core.ApplicationFilterChain.doFilter(ApplicationFilterChain.java:153) ~[tomcat-embed-core-9.0.83.jar:9.0.83]
	at org.springframework.web.filter.CharacterEncodingFilter.doFilterInternal(CharacterEncodingFilter.java:201) ~[spring-web-5.3.31.jar:5.3.31]
	at org.springframework.web.filter.OncePerRequestFilter.doFilter(OncePerRequestFilter.java:117) ~[spring-web-5.3.31.jar:5.3.31]
	at org.apache.catalina.core.ApplicationFilterChain.internalDoFilter(ApplicationFilterChain.java:178) ~[tomcat-embed-core-9.0.83.jar:9.0.83]
	at org.apache.catalina.core.ApplicationFilterChain.doFilter(ApplicationFilterChain.java:153) ~[tomcat-embed-core-9.0.83.jar:9.0.83]
	at net.mingsoft.basic.filter.XSSEscapeFilter.doFilter(XSSEscapeFilter.java:63) ~[ms-basic-2.2.8.jar:2.2.8]
	at org.apache.catalina.core.ApplicationFilterChain.internalDoFilter(ApplicationFilterChain.java:178) ~[tomcat-embed-core-9.0.83.jar:9.0.83]
	at org.apache.catalina.core.ApplicationFilterChain.doFilter(ApplicationFilterChain.java:153) ~[tomcat-embed-core-9.0.83.jar:9.0.83]
	at org.apache.catalina.core.StandardWrapperValve.invoke(StandardWrapperValve.java:168) ~[tomcat-embed-core-9.0.83.jar:9.0.83]
	at org.apache.catalina.core.StandardContextValve.invoke(StandardContextValve.java:90) ~[tomcat-embed-core-9.0.83.jar:9.0.83]
	at org.apache.catalina.authenticator.AuthenticatorBase.invoke(AuthenticatorBase.java:481) ~[tomcat-embed-core-9.0.83.jar:9.0.83]
	at org.apache.catalina.core.StandardHostValve.invoke(StandardHostValve.java:130) ~[tomcat-embed-core-9.0.83.jar:9.0.83]
	at org.apache.catalina.valves.ErrorReportValve.invoke(ErrorReportValve.java:93) ~[tomcat-embed-core-9.0.83.jar:9.0.83]
	at org.apache.catalina.core.StandardEngineValve.invoke(StandardEngineValve.java:74) ~[tomcat-embed-core-9.0.83.jar:9.0.83]
	at org.apache.catalina.connector.CoyoteAdapter.service(CoyoteAdapter.java:342) ~[tomcat-embed-core-9.0.83.jar:9.0.83]
	at org.apache.coyote.http11.Http11Processor.service(Http11Processor.java:390) ~[tomcat-embed-core-9.0.83.jar:9.0.83]
	at org.apache.coyote.AbstractProcessorLight.process(AbstractProcessorLight.java:63) ~[tomcat-embed-core-9.0.83.jar:9.0.83]
	at org.apache.coyote.AbstractProtocol$ConnectionHandler.process(AbstractProtocol.java:928) ~[tomcat-embed-core-9.0.83.jar:9.0.83]
	at org.apache.tomcat.util.net.NioEndpoint$SocketProcessor.doRun(NioEndpoint.java:1794) ~[tomcat-embed-core-9.0.83.jar:9.0.83]
	at org.apache.tomcat.util.net.SocketProcessorBase.run(SocketProcessorBase.java:52) ~[tomcat-embed-core-9.0.83.jar:9.0.83]
	at org.apache.tomcat.util.threads.ThreadPoolExecutor.runWorker(ThreadPoolExecutor.java:1191) ~[tomcat-embed-core-9.0.83.jar:9.0.83]
	at org.apache.tomcat.util.threads.ThreadPoolExecutor$Worker.run(ThreadPoolExecutor.java:659) ~[tomcat-embed-core-9.0.83.jar:9.0.83]
	at org.apache.tomcat.util.threads.TaskThread$WrappingRunnable.run(TaskThread.java:61) ~[tomcat-embed-core-9.0.83.jar:9.0.83]
	at java.lang.Thread.run(Thread.java:1570) [?:?]

[2m2025-04-18 14:34:25.149[0;39m [[31mERROR[0;39m] [35m14260[0;39m [2m[io-8080-exec-10 ][0;39m [31mnet.mingsoft.basic.exception.GlobalExceptionResolver[0;39m:360 [2m:[0;39m Failed to parse multipart servlet request; nested exception is org.apache.commons.fileupload.FileUploadException: Stream closed
[2m2025-04-18 14:34:25.181[0;39m [[31mERROR[0;39m] [35m14260[0;39m [2m[io-8080-exec-10 ][0;39m [31morg.apache.catalina.core.ContainerBase.[Tomcat].[localhost].[/].[dispatcherServlet][0;39m:175 [2m:[0;39m Servlet.service() for servlet [dispatcherServlet] threw exception

java.io.IOException: Stream closed
	at org.apache.catalina.connector.InputBuffer.throwIfClosed(InputBuffer.java:536) ~[tomcat-embed-core-9.0.83.jar:9.0.83]
	at org.apache.catalina.connector.InputBuffer.read(InputBuffer.java:347) ~[tomcat-embed-core-9.0.83.jar:9.0.83]
	at org.apache.catalina.connector.CoyoteInputStream.read(CoyoteInputStream.java:132) ~[tomcat-embed-core-9.0.83.jar:9.0.83]
	at java.io.FilterInputStream.read(FilterInputStream.java:119) ~[?:?]
	at org.apache.commons.fileupload.util.LimitedInputStream.read(LimitedInputStream.java:132) ~[commons-fileupload-1.5.jar:1.5]
	at org.apache.commons.fileupload.MultipartStream$ItemInputStream.makeAvailable(MultipartStream.java:1027) ~[commons-fileupload-1.5.jar:1.5]
	at org.apache.commons.fileupload.MultipartStream$ItemInputStream.read(MultipartStream.java:931) ~[commons-fileupload-1.5.jar:1.5]
	at java.io.InputStream.read(InputStream.java:220) ~[?:?]
	at org.apache.commons.fileupload.util.Streams.copy(Streams.java:98) ~[commons-fileupload-1.5.jar:1.5]
	at org.apache.commons.fileupload.util.Streams.copy(Streams.java:68) ~[commons-fileupload-1.5.jar:1.5]
	at org.apache.commons.fileupload.MultipartStream.readBodyData(MultipartStream.java:622) ~[commons-fileupload-1.5.jar:1.5]
	at org.apache.commons.fileupload.MultipartStream.discardBodyData(MultipartStream.java:646) ~[commons-fileupload-1.5.jar:1.5]
	at org.apache.commons.fileupload.MultipartStream.skipPreamble(MultipartStream.java:664) ~[commons-fileupload-1.5.jar:1.5]
	at org.apache.commons.fileupload.FileUploadBase$FileItemIteratorImpl.findNextItem(FileUploadBase.java:1067) ~[commons-fileupload-1.5.jar:1.5]
	at org.apache.commons.fileupload.FileUploadBase$FileItemIteratorImpl.<init>(FileUploadBase.java:1047) ~[commons-fileupload-1.5.jar:1.5]
	at org.apache.commons.fileupload.FileUploadBase.getItemIterator(FileUploadBase.java:334) ~[commons-fileupload-1.5.jar:1.5]
	at org.apache.commons.fileupload.FileUploadBase.parseRequest(FileUploadBase.java:358) ~[commons-fileupload-1.5.jar:1.5]
	at org.apache.commons.fileupload.servlet.ServletFileUpload.parseRequest(ServletFileUpload.java:113) ~[commons-fileupload-1.5.jar:1.5]
	at org.springframework.web.multipart.commons.CommonsMultipartResolver.parseRequest(CommonsMultipartResolver.java:192) ~[spring-web-5.3.31.jar:5.3.31]
	at org.springframework.web.multipart.commons.CommonsMultipartResolver.resolveMultipart(CommonsMultipartResolver.java:176) ~[spring-web-5.3.31.jar:5.3.31]
	at org.springframework.web.servlet.DispatcherServlet.checkMultipart(DispatcherServlet.java:1210) ~[spring-webmvc-5.3.31.jar:5.3.31]
	at org.springframework.web.servlet.DispatcherServlet.doDispatch(DispatcherServlet.java:1044) ~[spring-webmvc-5.3.31.jar:5.3.31]
	at org.springframework.web.servlet.DispatcherServlet.doService(DispatcherServlet.java:965) ~[spring-webmvc-5.3.31.jar:5.3.31]
	at org.springframework.web.servlet.FrameworkServlet.processRequest(FrameworkServlet.java:1006) ~[spring-webmvc-5.3.31.jar:5.3.31]
	at org.springframework.web.servlet.FrameworkServlet.doPost(FrameworkServlet.java:909) ~[spring-webmvc-5.3.31.jar:5.3.31]
	at javax.servlet.http.HttpServlet.service(HttpServlet.java:665) ~[javax.servlet-api-4.0.1.jar:4.0.1]
	at org.springframework.web.servlet.FrameworkServlet.service(FrameworkServlet.java:883) ~[spring-webmvc-5.3.31.jar:5.3.31]
	at javax.servlet.http.HttpServlet.service(HttpServlet.java:750) ~[javax.servlet-api-4.0.1.jar:4.0.1]
	at org.apache.catalina.core.ApplicationFilterChain.internalDoFilter(ApplicationFilterChain.java:209) ~[tomcat-embed-core-9.0.83.jar:9.0.83]
	at org.apache.catalina.core.ApplicationFilterChain.doFilter(ApplicationFilterChain.java:153) ~[tomcat-embed-core-9.0.83.jar:9.0.83]
	at org.springframework.web.filter.RequestContextFilter.doFilterInternal(RequestContextFilter.java:100) ~[spring-web-5.3.31.jar:5.3.31]
	at org.springframework.web.filter.OncePerRequestFilter.doFilter(OncePerRequestFilter.java:117) ~[spring-web-5.3.31.jar:5.3.31]
	at org.apache.catalina.core.ApplicationFilterChain.internalDoFilter(ApplicationFilterChain.java:178) ~[tomcat-embed-core-9.0.83.jar:9.0.83]
	at org.apache.catalina.core.ApplicationFilterChain.doFilter(ApplicationFilterChain.java:153) ~[tomcat-embed-core-9.0.83.jar:9.0.83]
	at org.springframework.web.filter.OncePerRequestFilter.doFilter(OncePerRequestFilter.java:102) ~[spring-web-5.3.31.jar:5.3.31]
	at org.apache.catalina.core.ApplicationFilterChain.internalDoFilter(ApplicationFilterChain.java:178) ~[tomcat-embed-core-9.0.83.jar:9.0.83]
	at org.apache.catalina.core.ApplicationFilterChain.doFilter(ApplicationFilterChain.java:153) ~[tomcat-embed-core-9.0.83.jar:9.0.83]
	at org.springframework.web.filter.OncePerRequestFilter.doFilter(OncePerRequestFilter.java:102) ~[spring-web-5.3.31.jar:5.3.31]
	at org.apache.catalina.core.ApplicationFilterChain.internalDoFilter(ApplicationFilterChain.java:178) ~[tomcat-embed-core-9.0.83.jar:9.0.83]
	at org.apache.catalina.core.ApplicationFilterChain.doFilter(ApplicationFilterChain.java:153) ~[tomcat-embed-core-9.0.83.jar:9.0.83]
	at org.apache.catalina.core.ApplicationDispatcher.invoke(ApplicationDispatcher.java:661) ~[tomcat-embed-core-9.0.83.jar:9.0.83]
	at org.apache.catalina.core.ApplicationDispatcher.processRequest(ApplicationDispatcher.java:427) ~[tomcat-embed-core-9.0.83.jar:9.0.83]
	at org.apache.catalina.core.ApplicationDispatcher.doForward(ApplicationDispatcher.java:357) ~[tomcat-embed-core-9.0.83.jar:9.0.83]
	at org.apache.catalina.core.ApplicationDispatcher.forward(ApplicationDispatcher.java:294) ~[tomcat-embed-core-9.0.83.jar:9.0.83]
	at org.apache.catalina.core.StandardHostValve.custom(StandardHostValve.java:377) ~[tomcat-embed-core-9.0.83.jar:9.0.83]
	at org.apache.catalina.core.StandardHostValve.status(StandardHostValve.java:237) ~[tomcat-embed-core-9.0.83.jar:9.0.83]
	at org.apache.catalina.core.StandardHostValve.invoke(StandardHostValve.java:166) ~[tomcat-embed-core-9.0.83.jar:9.0.83]
	at org.apache.catalina.valves.ErrorReportValve.invoke(ErrorReportValve.java:93) ~[tomcat-embed-core-9.0.83.jar:9.0.83]
	at org.apache.catalina.core.StandardEngineValve.invoke(StandardEngineValve.java:74) ~[tomcat-embed-core-9.0.83.jar:9.0.83]
	at org.apache.catalina.connector.CoyoteAdapter.service(CoyoteAdapter.java:342) ~[tomcat-embed-core-9.0.83.jar:9.0.83]
	at org.apache.coyote.http11.Http11Processor.service(Http11Processor.java:390) ~[tomcat-embed-core-9.0.83.jar:9.0.83]
	at org.apache.coyote.AbstractProcessorLight.process(AbstractProcessorLight.java:63) ~[tomcat-embed-core-9.0.83.jar:9.0.83]
	at org.apache.coyote.AbstractProtocol$ConnectionHandler.process(AbstractProtocol.java:928) ~[tomcat-embed-core-9.0.83.jar:9.0.83]
	at org.apache.tomcat.util.net.NioEndpoint$SocketProcessor.doRun(NioEndpoint.java:1794) ~[tomcat-embed-core-9.0.83.jar:9.0.83]
	at org.apache.tomcat.util.net.SocketProcessorBase.run(SocketProcessorBase.java:52) ~[tomcat-embed-core-9.0.83.jar:9.0.83]
	at org.apache.tomcat.util.threads.ThreadPoolExecutor.runWorker(ThreadPoolExecutor.java:1191) ~[tomcat-embed-core-9.0.83.jar:9.0.83]
	at org.apache.tomcat.util.threads.ThreadPoolExecutor$Worker.run(ThreadPoolExecutor.java:659) ~[tomcat-embed-core-9.0.83.jar:9.0.83]
	at org.apache.tomcat.util.threads.TaskThread$WrappingRunnable.run(TaskThread.java:61) ~[tomcat-embed-core-9.0.83.jar:9.0.83]
	at java.lang.Thread.run(Thread.java:1570) [?:?]

[2m2025-04-18 14:34:25.186[0;39m [[31mERROR[0;39m] [35m14260[0;39m [2m[io-8080-exec-10 ][0;39m [31morg.apache.catalina.core.ContainerBase.[Tomcat].[localhost][0;39m:175 [2m:[0;39m Exception Processing ErrorPage[errorCode=0, location=/error]

org.springframework.web.util.NestedServletException: Request processing failed; nested exception is org.springframework.web.multipart.MultipartException: Failed to parse multipart servlet request; nested exception is org.apache.commons.fileupload.FileUploadException: Stream closed
	at org.springframework.web.servlet.FrameworkServlet.processRequest(FrameworkServlet.java:1014) ~[spring-webmvc-5.3.31.jar:5.3.31]
	at org.springframework.web.servlet.FrameworkServlet.doPost(FrameworkServlet.java:909) ~[spring-webmvc-5.3.31.jar:5.3.31]
	at javax.servlet.http.HttpServlet.service(HttpServlet.java:665) ~[javax.servlet-api-4.0.1.jar:4.0.1]
	at org.springframework.web.servlet.FrameworkServlet.service(FrameworkServlet.java:883) ~[spring-webmvc-5.3.31.jar:5.3.31]
	at javax.servlet.http.HttpServlet.service(HttpServlet.java:750) ~[javax.servlet-api-4.0.1.jar:4.0.1]
	at org.apache.catalina.core.ApplicationFilterChain.internalDoFilter(ApplicationFilterChain.java:209) ~[tomcat-embed-core-9.0.83.jar:9.0.83]
	at org.apache.catalina.core.ApplicationFilterChain.doFilter(ApplicationFilterChain.java:153) ~[tomcat-embed-core-9.0.83.jar:9.0.83]
	at org.springframework.web.filter.RequestContextFilter.doFilterInternal(RequestContextFilter.java:100) ~[spring-web-5.3.31.jar:5.3.31]
	at org.springframework.web.filter.OncePerRequestFilter.doFilter(OncePerRequestFilter.java:117) ~[spring-web-5.3.31.jar:5.3.31]
	at org.apache.catalina.core.ApplicationFilterChain.internalDoFilter(ApplicationFilterChain.java:178) ~[tomcat-embed-core-9.0.83.jar:9.0.83]
	at org.apache.catalina.core.ApplicationFilterChain.doFilter(ApplicationFilterChain.java:153) ~[tomcat-embed-core-9.0.83.jar:9.0.83]
	at org.springframework.web.filter.OncePerRequestFilter.doFilter(OncePerRequestFilter.java:102) ~[spring-web-5.3.31.jar:5.3.31]
	at org.apache.catalina.core.ApplicationFilterChain.internalDoFilter(ApplicationFilterChain.java:178) ~[tomcat-embed-core-9.0.83.jar:9.0.83]
	at org.apache.catalina.core.ApplicationFilterChain.doFilter(ApplicationFilterChain.java:153) ~[tomcat-embed-core-9.0.83.jar:9.0.83]
	at org.springframework.web.filter.OncePerRequestFilter.doFilter(OncePerRequestFilter.java:102) ~[spring-web-5.3.31.jar:5.3.31]
	at org.apache.catalina.core.ApplicationFilterChain.internalDoFilter(ApplicationFilterChain.java:178) ~[tomcat-embed-core-9.0.83.jar:9.0.83]
	at org.apache.catalina.core.ApplicationFilterChain.doFilter(ApplicationFilterChain.java:153) ~[tomcat-embed-core-9.0.83.jar:9.0.83]
	at org.apache.catalina.core.ApplicationDispatcher.invoke(ApplicationDispatcher.java:661) ~[tomcat-embed-core-9.0.83.jar:9.0.83]
	at org.apache.catalina.core.ApplicationDispatcher.processRequest(ApplicationDispatcher.java:427) ~[tomcat-embed-core-9.0.83.jar:9.0.83]
	at org.apache.catalina.core.ApplicationDispatcher.doForward(ApplicationDispatcher.java:357) ~[tomcat-embed-core-9.0.83.jar:9.0.83]
	at org.apache.catalina.core.ApplicationDispatcher.forward(ApplicationDispatcher.java:294) ~[tomcat-embed-core-9.0.83.jar:9.0.83]
	at org.apache.catalina.core.StandardHostValve.custom(StandardHostValve.java:377) ~[tomcat-embed-core-9.0.83.jar:9.0.83]
	at org.apache.catalina.core.StandardHostValve.status(StandardHostValve.java:237) ~[tomcat-embed-core-9.0.83.jar:9.0.83]
	at org.apache.catalina.core.StandardHostValve.invoke(StandardHostValve.java:166) ~[tomcat-embed-core-9.0.83.jar:9.0.83]
	at org.apache.catalina.valves.ErrorReportValve.invoke(ErrorReportValve.java:93) ~[tomcat-embed-core-9.0.83.jar:9.0.83]
	at org.apache.catalina.core.StandardEngineValve.invoke(StandardEngineValve.java:74) ~[tomcat-embed-core-9.0.83.jar:9.0.83]
	at org.apache.catalina.connector.CoyoteAdapter.service(CoyoteAdapter.java:342) ~[tomcat-embed-core-9.0.83.jar:9.0.83]
	at org.apache.coyote.http11.Http11Processor.service(Http11Processor.java:390) ~[tomcat-embed-core-9.0.83.jar:9.0.83]
	at org.apache.coyote.AbstractProcessorLight.process(AbstractProcessorLight.java:63) ~[tomcat-embed-core-9.0.83.jar:9.0.83]
	at org.apache.coyote.AbstractProtocol$ConnectionHandler.process(AbstractProtocol.java:928) ~[tomcat-embed-core-9.0.83.jar:9.0.83]
	at org.apache.tomcat.util.net.NioEndpoint$SocketProcessor.doRun(NioEndpoint.java:1794) ~[tomcat-embed-core-9.0.83.jar:9.0.83]
	at org.apache.tomcat.util.net.SocketProcessorBase.run(SocketProcessorBase.java:52) ~[tomcat-embed-core-9.0.83.jar:9.0.83]
	at org.apache.tomcat.util.threads.ThreadPoolExecutor.runWorker(ThreadPoolExecutor.java:1191) ~[tomcat-embed-core-9.0.83.jar:9.0.83]
	at org.apache.tomcat.util.threads.ThreadPoolExecutor$Worker.run(ThreadPoolExecutor.java:659) ~[tomcat-embed-core-9.0.83.jar:9.0.83]
	at org.apache.tomcat.util.threads.TaskThread$WrappingRunnable.run(TaskThread.java:61) ~[tomcat-embed-core-9.0.83.jar:9.0.83]
	at java.lang.Thread.run(Thread.java:1570) [?:?]
Caused by: org.springframework.web.multipart.MultipartException: Failed to parse multipart servlet request; nested exception is org.apache.commons.fileupload.FileUploadException: Stream closed
	at org.springframework.web.multipart.commons.CommonsMultipartResolver.parseRequest(CommonsMultipartResolver.java:202) ~[spring-web-5.3.31.jar:5.3.31]
	at org.springframework.web.multipart.commons.CommonsMultipartResolver.resolveMultipart(CommonsMultipartResolver.java:176) ~[spring-web-5.3.31.jar:5.3.31]
	at org.springframework.web.servlet.DispatcherServlet.checkMultipart(DispatcherServlet.java:1210) ~[spring-webmvc-5.3.31.jar:5.3.31]
	at org.springframework.web.servlet.DispatcherServlet.doDispatch(DispatcherServlet.java:1044) ~[spring-webmvc-5.3.31.jar:5.3.31]
	at org.springframework.web.servlet.DispatcherServlet.doService(DispatcherServlet.java:965) ~[spring-webmvc-5.3.31.jar:5.3.31]
	at org.springframework.web.servlet.FrameworkServlet.processRequest(FrameworkServlet.java:1006) ~[spring-webmvc-5.3.31.jar:5.3.31]
	... 35 more
Caused by: org.apache.commons.fileupload.FileUploadException: Stream closed
	at org.apache.commons.fileupload.FileUploadBase.parseRequest(FileUploadBase.java:391) ~[commons-fileupload-1.5.jar:1.5]
	at org.apache.commons.fileupload.servlet.ServletFileUpload.parseRequest(ServletFileUpload.java:113) ~[commons-fileupload-1.5.jar:1.5]
	at org.springframework.web.multipart.commons.CommonsMultipartResolver.parseRequest(CommonsMultipartResolver.java:192) ~[spring-web-5.3.31.jar:5.3.31]
	at org.springframework.web.multipart.commons.CommonsMultipartResolver.resolveMultipart(CommonsMultipartResolver.java:176) ~[spring-web-5.3.31.jar:5.3.31]
	at org.springframework.web.servlet.DispatcherServlet.checkMultipart(DispatcherServlet.java:1210) ~[spring-webmvc-5.3.31.jar:5.3.31]
	at org.springframework.web.servlet.DispatcherServlet.doDispatch(DispatcherServlet.java:1044) ~[spring-webmvc-5.3.31.jar:5.3.31]
	at org.springframework.web.servlet.DispatcherServlet.doService(DispatcherServlet.java:965) ~[spring-webmvc-5.3.31.jar:5.3.31]
	at org.springframework.web.servlet.FrameworkServlet.processRequest(FrameworkServlet.java:1006) ~[spring-webmvc-5.3.31.jar:5.3.31]
	... 35 more
Caused by: java.io.IOException: Stream closed
	at org.apache.catalina.connector.InputBuffer.throwIfClosed(InputBuffer.java:536) ~[tomcat-embed-core-9.0.83.jar:9.0.83]
	at org.apache.catalina.connector.InputBuffer.read(InputBuffer.java:347) ~[tomcat-embed-core-9.0.83.jar:9.0.83]
	at org.apache.catalina.connector.CoyoteInputStream.read(CoyoteInputStream.java:132) ~[tomcat-embed-core-9.0.83.jar:9.0.83]
	at java.io.FilterInputStream.read(FilterInputStream.java:119) ~[?:?]
	at org.apache.commons.fileupload.util.LimitedInputStream.read(LimitedInputStream.java:132) ~[commons-fileupload-1.5.jar:1.5]
	at org.apache.commons.fileupload.MultipartStream$ItemInputStream.makeAvailable(MultipartStream.java:1027) ~[commons-fileupload-1.5.jar:1.5]
	at org.apache.commons.fileupload.MultipartStream$ItemInputStream.read(MultipartStream.java:931) ~[commons-fileupload-1.5.jar:1.5]
	at java.io.InputStream.read(InputStream.java:220) ~[?:?]
	at org.apache.commons.fileupload.util.Streams.copy(Streams.java:98) ~[commons-fileupload-1.5.jar:1.5]
	at org.apache.commons.fileupload.util.Streams.copy(Streams.java:68) ~[commons-fileupload-1.5.jar:1.5]
	at org.apache.commons.fileupload.MultipartStream.readBodyData(MultipartStream.java:622) ~[commons-fileupload-1.5.jar:1.5]
	at org.apache.commons.fileupload.MultipartStream.discardBodyData(MultipartStream.java:646) ~[commons-fileupload-1.5.jar:1.5]
	at org.apache.commons.fileupload.MultipartStream.skipPreamble(MultipartStream.java:664) ~[commons-fileupload-1.5.jar:1.5]
	at org.apache.commons.fileupload.FileUploadBase$FileItemIteratorImpl.findNextItem(FileUploadBase.java:1067) ~[commons-fileupload-1.5.jar:1.5]
	at org.apache.commons.fileupload.FileUploadBase$FileItemIteratorImpl.<init>(FileUploadBase.java:1047) ~[commons-fileupload-1.5.jar:1.5]
	at org.apache.commons.fileupload.FileUploadBase.getItemIterator(FileUploadBase.java:334) ~[commons-fileupload-1.5.jar:1.5]
	at org.apache.commons.fileupload.FileUploadBase.parseRequest(FileUploadBase.java:358) ~[commons-fileupload-1.5.jar:1.5]
	at org.apache.commons.fileupload.servlet.ServletFileUpload.parseRequest(ServletFileUpload.java:113) ~[commons-fileupload-1.5.jar:1.5]
	at org.springframework.web.multipart.commons.CommonsMultipartResolver.parseRequest(CommonsMultipartResolver.java:192) ~[spring-web-5.3.31.jar:5.3.31]
	at org.springframework.web.multipart.commons.CommonsMultipartResolver.resolveMultipart(CommonsMultipartResolver.java:176) ~[spring-web-5.3.31.jar:5.3.31]
	at org.springframework.web.servlet.DispatcherServlet.checkMultipart(DispatcherServlet.java:1210) ~[spring-webmvc-5.3.31.jar:5.3.31]
	at org.springframework.web.servlet.DispatcherServlet.doDispatch(DispatcherServlet.java:1044) ~[spring-webmvc-5.3.31.jar:5.3.31]
	at org.springframework.web.servlet.DispatcherServlet.doService(DispatcherServlet.java:965) ~[spring-webmvc-5.3.31.jar:5.3.31]
	at org.springframework.web.servlet.FrameworkServlet.processRequest(FrameworkServlet.java:1006) ~[spring-webmvc-5.3.31.jar:5.3.31]
	... 35 more

