[2m2025-04-22 09:11:48.191[0;39m [[32m INFO[0;39m] [35m32968[0;39m [2m[           main ][0;39m [32mnet.mingsoft.MSApplication[0;39m:55 [2m:[0;39m Starting MSApplication using Java 22.0.1 on Fresh with PID 32968 (F:\Github\sk-website\target\classes started by 樊镇豪A in F:\Github\sk-website)
[2m2025-04-22 09:11:48.215[0;39m [[32m INFO[0;39m] [35m32968[0;39m [2m[           main ][0;39m [32mnet.mingsoft.MSApplication[0;39m:638 [2m:[0;39m The following 1 profile is active: "dev"
[2m2025-04-22 09:11:54.222[0;39m [[32m INFO[0;39m] [35m32968[0;39m [2m[           main ][0;39m [32mcom.alibaba.druid.spring.boot.autoconfigure.DruidDataSourceAutoConfigure[0;39m:66 [2m:[0;39m Init DruidDataSource
[2m2025-04-22 09:11:54.693[0;39m [[32m INFO[0;39m] [35m32968[0;39m [2m[           main ][0;39m [32mcom.alibaba.druid.pool.DruidDataSource[0;39m:1007 [2m:[0;39m {dataSource-1} inited
[2m2025-04-22 09:11:55.098[0;39m [[33m WARN[0;39m] [35m32968[0;39m [2m[           main ][0;39m [33mcom.baomidou.mybatisplus.core.injector.AbstractMethod[0;39m:405 [2m:[0;39m [net.mingsoft.basic.dao.IManagerDao.delete] Has been loaded by XML or SqlProvider or Mybatis's Annotation, so ignoring this injection for [class com.baomidou.mybatisplus.core.injector.methods.Delete]
[2m2025-04-22 09:11:55.437[0;39m [[33m WARN[0;39m] [35m32968[0;39m [2m[           main ][0;39m [33mcom.baomidou.mybatisplus.core.injector.AbstractMethod[0;39m:405 [2m:[0;39m [net.mingsoft.basic.dao.IModelDao.delete] Has been loaded by XML or SqlProvider or Mybatis's Annotation, so ignoring this injection for [class com.baomidou.mybatisplus.core.injector.methods.Delete]
[2m2025-04-22 09:11:55.535[0;39m [[33m WARN[0;39m] [35m32968[0;39m [2m[           main ][0;39m [33mcom.baomidou.mybatisplus.core.metadata.TableInfoHelper[0;39m:347 [2m:[0;39m Can not find table primary key in Class: "net.mingsoft.basic.entity.RoleModelEntity".
[2m2025-04-22 09:11:55.536[0;39m [[33m WARN[0;39m] [35m32968[0;39m [2m[           main ][0;39m [33mcom.baomidou.mybatisplus.core.injector.DefaultSqlInjector[0;39m:56 [2m:[0;39m class net.mingsoft.basic.entity.RoleModelEntity ,Not found @TableId annotation, Cannot use Mybatis-Plus 'xxById' Method.
[2m2025-04-22 09:11:56.617[0;39m [[32m INFO[0;39m] [35m32968[0;39m [2m[           main ][0;39m [32morg.apache.coyote.http11.Http11NioProtocol[0;39m:173 [2m:[0;39m Initializing ProtocolHandler ["http-nio-8080"]
[2m2025-04-22 09:11:56.620[0;39m [[32m INFO[0;39m] [35m32968[0;39m [2m[           main ][0;39m [32morg.apache.catalina.core.StandardService[0;39m:173 [2m:[0;39m Starting service [Tomcat]
[2m2025-04-22 09:11:56.621[0;39m [[32m INFO[0;39m] [35m32968[0;39m [2m[           main ][0;39m [32morg.apache.catalina.core.StandardEngine[0;39m:173 [2m:[0;39m Starting Servlet engine: [Apache Tomcat/9.0.83]
[2m2025-04-22 09:11:56.995[0;39m [[32m INFO[0;39m] [35m32968[0;39m [2m[           main ][0;39m [32morg.apache.catalina.core.ContainerBase.[Tomcat].[localhost].[/][0;39m:173 [2m:[0;39m Initializing Spring embedded WebApplicationContext
[2m2025-04-22 09:11:57.612[0;39m [[33m WARN[0;39m] [35m32968[0;39m [2m[           main ][0;39m [33mcom.baomidou.mybatisplus.core.injector.AbstractMethod[0;39m:405 [2m:[0;39m [net.mingsoft.cms.dao.ICategoryDao.delete] Has been loaded by XML or SqlProvider or Mybatis's Annotation, so ignoring this injection for [class com.baomidou.mybatisplus.core.injector.methods.Delete]
[2m2025-04-22 09:11:57.680[0;39m [[33m WARN[0;39m] [35m32968[0;39m [2m[           main ][0;39m [33mcom.baomidou.mybatisplus.core.injector.AbstractMethod[0;39m:405 [2m:[0;39m [net.mingsoft.cms.dao.IContentDao.delete] Has been loaded by XML or SqlProvider or Mybatis's Annotation, so ignoring this injection for [class com.baomidou.mybatisplus.core.injector.methods.Delete]
[2m2025-04-22 09:11:58.065[0;39m [[33m WARN[0;39m] [35m32968[0;39m [2m[           main ][0;39m [33mcom.baomidou.mybatisplus.core.injector.AbstractMethod[0;39m:405 [2m:[0;39m [net.mingsoft.mdiy.dao.IModelDao.delete] Has been loaded by XML or SqlProvider or Mybatis's Annotation, so ignoring this injection for [class com.baomidou.mybatisplus.core.injector.methods.Delete]
[2m2025-04-22 09:11:58.407[0;39m [[33m WARN[0;39m] [35m32968[0;39m [2m[           main ][0;39m [33mcom.baomidou.mybatisplus.core.injector.AbstractMethod[0;39m:405 [2m:[0;39m [net.mingsoft.mdiy.dao.ITagDao.delete] Has been loaded by XML or SqlProvider or Mybatis's Annotation, so ignoring this injection for [class com.baomidou.mybatisplus.core.injector.methods.Delete]
[2m2025-04-22 09:11:59.004[0;39m [[33m WARN[0;39m] [35m32968[0;39m [2m[           main ][0;39m [33mcom.baomidou.mybatisplus.core.injector.AbstractMethod[0;39m:405 [2m:[0;39m [net.mingsoft.cms.dao.ICmsHistoryLogDao.delete] Has been loaded by XML or SqlProvider or Mybatis's Annotation, so ignoring this injection for [class com.baomidou.mybatisplus.core.injector.methods.Delete]
[2m2025-04-22 09:11:59.874[0;39m [[33m WARN[0;39m] [35m32968[0;39m [2m[           main ][0;39m [33mcom.baomidou.mybatisplus.core.injector.AbstractMethod[0;39m:405 [2m:[0;39m [net.mingsoft.basic.dao.ILogDao.delete] Has been loaded by XML or SqlProvider or Mybatis's Annotation, so ignoring this injection for [class com.baomidou.mybatisplus.core.injector.methods.Delete]
[2m2025-04-22 09:12:00.146[0;39m [[33m WARN[0;39m] [35m32968[0;39m [2m[           main ][0;39m [33mcom.baomidou.mybatisplus.core.injector.AbstractMethod[0;39m:405 [2m:[0;39m [net.mingsoft.basic.dao.IRoleDao.delete] Has been loaded by XML or SqlProvider or Mybatis's Annotation, so ignoring this injection for [class com.baomidou.mybatisplus.core.injector.methods.Delete]
[2m2025-04-22 09:12:00.446[0;39m [[33m WARN[0;39m] [35m32968[0;39m [2m[           main ][0;39m [33mcom.baomidou.mybatisplus.core.injector.AbstractMethod[0;39m:405 [2m:[0;39m [net.mingsoft.basic.dao.ICityDao.delete] Has been loaded by XML or SqlProvider or Mybatis's Annotation, so ignoring this injection for [class com.baomidou.mybatisplus.core.injector.methods.Delete]
[2m2025-04-22 09:12:01.607[0;39m [[33m WARN[0;39m] [35m32968[0;39m [2m[           main ][0;39m [33mcom.baomidou.mybatisplus.core.injector.AbstractMethod[0;39m:405 [2m:[0;39m [net.mingsoft.mdiy.dao.IDictDao.delete] Has been loaded by XML or SqlProvider or Mybatis's Annotation, so ignoring this injection for [class com.baomidou.mybatisplus.core.injector.methods.Delete]
[2m2025-04-22 09:12:01.927[0;39m [[33m WARN[0;39m] [35m32968[0;39m [2m[           main ][0;39m [33mcom.baomidou.mybatisplus.core.injector.AbstractMethod[0;39m:405 [2m:[0;39m [net.mingsoft.mdiy.dao.IPageDao.delete] Has been loaded by XML or SqlProvider or Mybatis's Annotation, so ignoring this injection for [class com.baomidou.mybatisplus.core.injector.methods.Delete]
[2m2025-04-22 09:12:05.196[0;39m [[32m INFO[0;39m] [35m32968[0;39m [2m[           main ][0;39m [32morg.quartz.impl.StdSchedulerFactory[0;39m:1220 [2m:[0;39m Using default implementation for ThreadExecutor
[2m2025-04-22 09:12:05.214[0;39m [[32m INFO[0;39m] [35m32968[0;39m [2m[           main ][0;39m [32morg.quartz.core.SchedulerSignalerImpl[0;39m:61 [2m:[0;39m Initialized Scheduler Signaller of type: class org.quartz.core.SchedulerSignalerImpl
[2m2025-04-22 09:12:05.215[0;39m [[32m INFO[0;39m] [35m32968[0;39m [2m[           main ][0;39m [32morg.quartz.core.QuartzScheduler[0;39m:229 [2m:[0;39m Quartz Scheduler v.2.3.2 created.
[2m2025-04-22 09:12:05.216[0;39m [[32m INFO[0;39m] [35m32968[0;39m [2m[           main ][0;39m [32morg.quartz.simpl.RAMJobStore[0;39m:155 [2m:[0;39m RAMJobStore initialized.
[2m2025-04-22 09:12:05.218[0;39m [[32m INFO[0;39m] [35m32968[0;39m [2m[           main ][0;39m [32morg.quartz.core.QuartzScheduler[0;39m:294 [2m:[0;39m Scheduler meta-data: Quartz Scheduler (v2.3.2) 'quartzScheduler' with instanceId 'NON_CLUSTERED'
  Scheduler class: 'org.quartz.core.QuartzScheduler' - running locally.
  NOT STARTED.
  Currently in standby mode.
  Number of jobs executed: 0
  Using thread pool 'org.quartz.simpl.SimpleThreadPool' - with 10 threads.
  Using job-store 'org.quartz.simpl.RAMJobStore' - which does not support persistence. and is not clustered.

[2m2025-04-22 09:12:05.218[0;39m [[32m INFO[0;39m] [35m32968[0;39m [2m[           main ][0;39m [32morg.quartz.impl.StdSchedulerFactory[0;39m:1374 [2m:[0;39m Quartz scheduler 'quartzScheduler' initialized from an externally provided properties instance.
[2m2025-04-22 09:12:05.219[0;39m [[32m INFO[0;39m] [35m32968[0;39m [2m[           main ][0;39m [32morg.quartz.impl.StdSchedulerFactory[0;39m:1378 [2m:[0;39m Quartz scheduler version: 2.3.2
[2m2025-04-22 09:12:05.219[0;39m [[32m INFO[0;39m] [35m32968[0;39m [2m[           main ][0;39m [32morg.quartz.core.QuartzScheduler[0;39m:2293 [2m:[0;39m JobFactory set to: org.springframework.scheduling.quartz.SpringBeanJobFactory@4a66949a
[2m2025-04-22 09:12:05.403[0;39m [[32m INFO[0;39m] [35m32968[0;39m [2m[           main ][0;39m [32morg.apache.coyote.http11.Http11NioProtocol[0;39m:173 [2m:[0;39m Starting ProtocolHandler ["http-nio-8080"]
[2m2025-04-22 09:12:05.440[0;39m [[32m INFO[0;39m] [35m32968[0;39m [2m[           main ][0;39m [32morg.quartz.core.QuartzScheduler[0;39m:547 [2m:[0;39m Scheduler quartzScheduler_$_NON_CLUSTERED started.
[2m2025-04-22 09:12:05.451[0;39m [[32m INFO[0;39m] [35m32968[0;39m [2m[           main ][0;39m [32mnet.mingsoft.MSApplication[0;39m:61 [2m:[0;39m Started MSApplication in 18.098 seconds (JVM running for 19.804)
[2m2025-04-22 09:12:35.859[0;39m [[32m INFO[0;39m] [35m32968[0;39m [2m[nio-8080-exec-1 ][0;39m [32morg.apache.catalina.core.ContainerBase.[Tomcat].[localhost].[/][0;39m:173 [2m:[0;39m Initializing Spring DispatcherServlet 'dispatcherServlet'
[2m2025-04-22 09:12:35.879[0;39m [[32m INFO[0;39m] [35m32968[0;39m [2m[nio-8080-exec-1 ][0;39m [32morg.apache.shiro.session.mgt.AbstractValidatingSessionManager[0;39m:233 [2m:[0;39m Enabling session validation scheduler...
[2m2025-04-22 09:12:36.090[0;39m [[33m WARN[0;39m] [35m32968[0;39m [2m[nio-8080-exec-1 ][0;39m [33mcom.baomidou.mybatisplus.core.toolkit.support.ReflectLambdaMeta[0;39m:41 [2m:[0;39m Unable to make field private final java.lang.Class java.lang.invoke.SerializedLambda.capturingClass accessible: module java.base does not "opens java.lang.invoke" to unnamed module @5acf93bb
[2m2025-04-22 09:12:42.198[0;39m [[33m WARN[0;39m] [35m32968[0;39m [2m[nio-8080-exec-8 ][0;39m [33morg.apache.ibatis.io.SerialFilterChecker[0;39m:45 [2m:[0;39m As you are using functionality that deserializes object streams, it is recommended to define the JEP-290 serial filter. Please refer to https://docs.oracle.com/pls/topic/lookup?ctx=javase15&id=GUID-8296D8E8-2B93-4B9A-856E-0A65AF9B8C66
[2m2025-04-22 09:25:03.310[0;39m [[32m INFO[0;39m] [35m32968[0;39m [2m[nio-8080-exec-9 ][0;39m [32mnet.mingsoft.cms.aop.CategoryAop[0;39m:205 [2m:[0;39m 删除静态文件夹成功！
