[2m2025-04-16 13:53:15.833[0;39m [[33m WARN[0;39m] [35m33300[0;39m [2m[           main ][0;39m [33mcom.baomidou.mybatisplus.core.injector.AbstractMethod[0;39m:405 [2m:[0;39m [net.mingsoft.basic.dao.IManagerDao.delete] Has been loaded by XML or SqlProvider or Mybatis's Annotation, so ignoring this injection for [class com.baomidou.mybatisplus.core.injector.methods.Delete]
[2m2025-04-16 13:53:16.064[0;39m [[33m WARN[0;39m] [35m33300[0;39m [2m[           main ][0;39m [33mcom.baomidou.mybatisplus.core.injector.AbstractMethod[0;39m:405 [2m:[0;39m [net.mingsoft.basic.dao.IModelDao.delete] Has been loaded by XML or SqlProvider or Mybatis's Annotation, so ignoring this injection for [class com.baomidou.mybatisplus.core.injector.methods.Delete]
[2m2025-04-16 13:53:16.108[0;39m [[33m WARN[0;39m] [35m33300[0;39m [2m[           main ][0;39m [33mcom.baomidou.mybatisplus.core.metadata.TableInfoHelper[0;39m:347 [2m:[0;39m Can not find table primary key in Class: "net.mingsoft.basic.entity.RoleModelEntity".
[2m2025-04-16 13:53:16.108[0;39m [[33m WARN[0;39m] [35m33300[0;39m [2m[           main ][0;39m [33mcom.baomidou.mybatisplus.core.injector.DefaultSqlInjector[0;39m:56 [2m:[0;39m class net.mingsoft.basic.entity.RoleModelEntity ,Not found @TableId annotation, Cannot use Mybatis-Plus 'xxById' Method.
[2m2025-04-16 13:53:17.389[0;39m [[33m WARN[0;39m] [35m33300[0;39m [2m[           main ][0;39m [33mcom.baomidou.mybatisplus.core.injector.AbstractMethod[0;39m:405 [2m:[0;39m [net.mingsoft.cms.dao.ICategoryDao.delete] Has been loaded by XML or SqlProvider or Mybatis's Annotation, so ignoring this injection for [class com.baomidou.mybatisplus.core.injector.methods.Delete]
[2m2025-04-16 13:53:17.437[0;39m [[33m WARN[0;39m] [35m33300[0;39m [2m[           main ][0;39m [33mcom.baomidou.mybatisplus.core.injector.AbstractMethod[0;39m:405 [2m:[0;39m [net.mingsoft.cms.dao.IContentDao.delete] Has been loaded by XML or SqlProvider or Mybatis's Annotation, so ignoring this injection for [class com.baomidou.mybatisplus.core.injector.methods.Delete]
[2m2025-04-16 13:53:17.648[0;39m [[33m WARN[0;39m] [35m33300[0;39m [2m[           main ][0;39m [33mcom.baomidou.mybatisplus.core.injector.AbstractMethod[0;39m:405 [2m:[0;39m [net.mingsoft.mdiy.dao.IModelDao.delete] Has been loaded by XML or SqlProvider or Mybatis's Annotation, so ignoring this injection for [class com.baomidou.mybatisplus.core.injector.methods.Delete]
[2m2025-04-16 13:53:17.849[0;39m [[33m WARN[0;39m] [35m33300[0;39m [2m[           main ][0;39m [33mcom.baomidou.mybatisplus.core.injector.AbstractMethod[0;39m:405 [2m:[0;39m [net.mingsoft.mdiy.dao.ITagDao.delete] Has been loaded by XML or SqlProvider or Mybatis's Annotation, so ignoring this injection for [class com.baomidou.mybatisplus.core.injector.methods.Delete]
[2m2025-04-16 13:53:18.197[0;39m [[33m WARN[0;39m] [35m33300[0;39m [2m[           main ][0;39m [33mcom.baomidou.mybatisplus.core.injector.AbstractMethod[0;39m:405 [2m:[0;39m [net.mingsoft.cms.dao.ICmsHistoryLogDao.delete] Has been loaded by XML or SqlProvider or Mybatis's Annotation, so ignoring this injection for [class com.baomidou.mybatisplus.core.injector.methods.Delete]
[2m2025-04-16 13:53:18.592[0;39m [[33m WARN[0;39m] [35m33300[0;39m [2m[           main ][0;39m [33mcom.baomidou.mybatisplus.core.injector.AbstractMethod[0;39m:405 [2m:[0;39m [net.mingsoft.basic.dao.ILogDao.delete] Has been loaded by XML or SqlProvider or Mybatis's Annotation, so ignoring this injection for [class com.baomidou.mybatisplus.core.injector.methods.Delete]
[2m2025-04-16 13:53:18.761[0;39m [[33m WARN[0;39m] [35m33300[0;39m [2m[           main ][0;39m [33mcom.baomidou.mybatisplus.core.injector.AbstractMethod[0;39m:405 [2m:[0;39m [net.mingsoft.basic.dao.IRoleDao.delete] Has been loaded by XML or SqlProvider or Mybatis's Annotation, so ignoring this injection for [class com.baomidou.mybatisplus.core.injector.methods.Delete]
[2m2025-04-16 13:53:18.940[0;39m [[33m WARN[0;39m] [35m33300[0;39m [2m[           main ][0;39m [33mcom.baomidou.mybatisplus.core.injector.AbstractMethod[0;39m:405 [2m:[0;39m [net.mingsoft.basic.dao.ICityDao.delete] Has been loaded by XML or SqlProvider or Mybatis's Annotation, so ignoring this injection for [class com.baomidou.mybatisplus.core.injector.methods.Delete]
[2m2025-04-16 13:53:19.616[0;39m [[33m WARN[0;39m] [35m33300[0;39m [2m[           main ][0;39m [33mcom.baomidou.mybatisplus.core.injector.AbstractMethod[0;39m:405 [2m:[0;39m [net.mingsoft.mdiy.dao.IDictDao.delete] Has been loaded by XML or SqlProvider or Mybatis's Annotation, so ignoring this injection for [class com.baomidou.mybatisplus.core.injector.methods.Delete]
[2m2025-04-16 13:53:19.836[0;39m [[33m WARN[0;39m] [35m33300[0;39m [2m[           main ][0;39m [33mcom.baomidou.mybatisplus.core.injector.AbstractMethod[0;39m:405 [2m:[0;39m [net.mingsoft.mdiy.dao.IPageDao.delete] Has been loaded by XML or SqlProvider or Mybatis's Annotation, so ignoring this injection for [class com.baomidou.mybatisplus.core.injector.methods.Delete]
[2m2025-04-16 13:57:05.861[0;39m [[33m WARN[0;39m] [35m33300[0;39m [2m[nio-8080-exec-1 ][0;39m [33mcom.baomidou.mybatisplus.core.toolkit.support.ReflectLambdaMeta[0;39m:41 [2m:[0;39m Unable to make field private final java.lang.Class java.lang.invoke.SerializedLambda.capturingClass accessible: module java.base does not "opens java.lang.invoke" to unnamed module @611889f4
[2m2025-04-16 13:57:11.214[0;39m [[33m WARN[0;39m] [35m33300[0;39m [2m[nio-8080-exec-6 ][0;39m [33morg.apache.ibatis.io.SerialFilterChecker[0;39m:45 [2m:[0;39m As you are using functionality that deserializes object streams, it is recommended to define the JEP-290 serial filter. Please refer to https://docs.oracle.com/pls/topic/lookup?ctx=javase15&id=GUID-8296D8E8-2B93-4B9A-856E-0A65AF9B8C66
[2m2025-04-16 14:40:18.009[0;39m [[33m WARN[0;39m] [35m27344[0;39m [2m[           main ][0;39m [33mcom.baomidou.mybatisplus.core.injector.AbstractMethod[0;39m:405 [2m:[0;39m [net.mingsoft.basic.dao.IManagerDao.delete] Has been loaded by XML or SqlProvider or Mybatis's Annotation, so ignoring this injection for [class com.baomidou.mybatisplus.core.injector.methods.Delete]
[2m2025-04-16 14:40:18.272[0;39m [[33m WARN[0;39m] [35m27344[0;39m [2m[           main ][0;39m [33mcom.baomidou.mybatisplus.core.injector.AbstractMethod[0;39m:405 [2m:[0;39m [net.mingsoft.basic.dao.IModelDao.delete] Has been loaded by XML or SqlProvider or Mybatis's Annotation, so ignoring this injection for [class com.baomidou.mybatisplus.core.injector.methods.Delete]
[2m2025-04-16 14:40:18.306[0;39m [[33m WARN[0;39m] [35m27344[0;39m [2m[           main ][0;39m [33mcom.baomidou.mybatisplus.core.metadata.TableInfoHelper[0;39m:347 [2m:[0;39m Can not find table primary key in Class: "net.mingsoft.basic.entity.RoleModelEntity".
[2m2025-04-16 14:40:18.307[0;39m [[33m WARN[0;39m] [35m27344[0;39m [2m[           main ][0;39m [33mcom.baomidou.mybatisplus.core.injector.DefaultSqlInjector[0;39m:56 [2m:[0;39m class net.mingsoft.basic.entity.RoleModelEntity ,Not found @TableId annotation, Cannot use Mybatis-Plus 'xxById' Method.
[2m2025-04-16 14:40:19.661[0;39m [[33m WARN[0;39m] [35m27344[0;39m [2m[           main ][0;39m [33mcom.baomidou.mybatisplus.core.injector.AbstractMethod[0;39m:405 [2m:[0;39m [net.mingsoft.cms.dao.ICategoryDao.delete] Has been loaded by XML or SqlProvider or Mybatis's Annotation, so ignoring this injection for [class com.baomidou.mybatisplus.core.injector.methods.Delete]
[2m2025-04-16 14:40:19.711[0;39m [[33m WARN[0;39m] [35m27344[0;39m [2m[           main ][0;39m [33mcom.baomidou.mybatisplus.core.injector.AbstractMethod[0;39m:405 [2m:[0;39m [net.mingsoft.cms.dao.IContentDao.delete] Has been loaded by XML or SqlProvider or Mybatis's Annotation, so ignoring this injection for [class com.baomidou.mybatisplus.core.injector.methods.Delete]
[2m2025-04-16 14:40:19.941[0;39m [[33m WARN[0;39m] [35m27344[0;39m [2m[           main ][0;39m [33mcom.baomidou.mybatisplus.core.injector.AbstractMethod[0;39m:405 [2m:[0;39m [net.mingsoft.mdiy.dao.IModelDao.delete] Has been loaded by XML or SqlProvider or Mybatis's Annotation, so ignoring this injection for [class com.baomidou.mybatisplus.core.injector.methods.Delete]
[2m2025-04-16 14:40:20.157[0;39m [[33m WARN[0;39m] [35m27344[0;39m [2m[           main ][0;39m [33mcom.baomidou.mybatisplus.core.injector.AbstractMethod[0;39m:405 [2m:[0;39m [net.mingsoft.mdiy.dao.ITagDao.delete] Has been loaded by XML or SqlProvider or Mybatis's Annotation, so ignoring this injection for [class com.baomidou.mybatisplus.core.injector.methods.Delete]
[2m2025-04-16 14:40:20.540[0;39m [[33m WARN[0;39m] [35m27344[0;39m [2m[           main ][0;39m [33mcom.baomidou.mybatisplus.core.injector.AbstractMethod[0;39m:405 [2m:[0;39m [net.mingsoft.cms.dao.ICmsHistoryLogDao.delete] Has been loaded by XML or SqlProvider or Mybatis's Annotation, so ignoring this injection for [class com.baomidou.mybatisplus.core.injector.methods.Delete]
[2m2025-04-16 14:40:20.972[0;39m [[33m WARN[0;39m] [35m27344[0;39m [2m[           main ][0;39m [33mcom.baomidou.mybatisplus.core.injector.AbstractMethod[0;39m:405 [2m:[0;39m [net.mingsoft.basic.dao.ILogDao.delete] Has been loaded by XML or SqlProvider or Mybatis's Annotation, so ignoring this injection for [class com.baomidou.mybatisplus.core.injector.methods.Delete]
[2m2025-04-16 14:40:21.154[0;39m [[33m WARN[0;39m] [35m27344[0;39m [2m[           main ][0;39m [33mcom.baomidou.mybatisplus.core.injector.AbstractMethod[0;39m:405 [2m:[0;39m [net.mingsoft.basic.dao.IRoleDao.delete] Has been loaded by XML or SqlProvider or Mybatis's Annotation, so ignoring this injection for [class com.baomidou.mybatisplus.core.injector.methods.Delete]
[2m2025-04-16 14:40:21.342[0;39m [[33m WARN[0;39m] [35m27344[0;39m [2m[           main ][0;39m [33mcom.baomidou.mybatisplus.core.injector.AbstractMethod[0;39m:405 [2m:[0;39m [net.mingsoft.basic.dao.ICityDao.delete] Has been loaded by XML or SqlProvider or Mybatis's Annotation, so ignoring this injection for [class com.baomidou.mybatisplus.core.injector.methods.Delete]
[2m2025-04-16 14:40:22.120[0;39m [[33m WARN[0;39m] [35m27344[0;39m [2m[           main ][0;39m [33mcom.baomidou.mybatisplus.core.injector.AbstractMethod[0;39m:405 [2m:[0;39m [net.mingsoft.mdiy.dao.IDictDao.delete] Has been loaded by XML or SqlProvider or Mybatis's Annotation, so ignoring this injection for [class com.baomidou.mybatisplus.core.injector.methods.Delete]
[2m2025-04-16 14:40:22.356[0;39m [[33m WARN[0;39m] [35m27344[0;39m [2m[           main ][0;39m [33mcom.baomidou.mybatisplus.core.injector.AbstractMethod[0;39m:405 [2m:[0;39m [net.mingsoft.mdiy.dao.IPageDao.delete] Has been loaded by XML or SqlProvider or Mybatis's Annotation, so ignoring this injection for [class com.baomidou.mybatisplus.core.injector.methods.Delete]
[2m2025-04-16 15:45:31.498[0;39m [[33m WARN[0;39m] [35m27344[0;39m [2m[nio-8080-exec-2 ][0;39m [33mcom.baomidou.mybatisplus.core.toolkit.support.ReflectLambdaMeta[0;39m:41 [2m:[0;39m Unable to make field private final java.lang.Class java.lang.invoke.SerializedLambda.capturingClass accessible: module java.base does not "opens java.lang.invoke" to unnamed module @611889f4
[2m2025-04-16 15:45:32.829[0;39m [[33m WARN[0;39m] [35m27344[0;39m [2m[nio-8080-exec-9 ][0;39m [33morg.apache.ibatis.io.SerialFilterChecker[0;39m:45 [2m:[0;39m As you are using functionality that deserializes object streams, it is recommended to define the JEP-290 serial filter. Please refer to https://docs.oracle.com/pls/topic/lookup?ctx=javase15&id=GUID-8296D8E8-2B93-4B9A-856E-0A65AF9B8C66
[2m2025-04-17 15:55:51.987[0;39m [[31mERROR[0;39m] [35m29080[0;39m [2m[           main ][0;39m [31mcom.alibaba.druid.pool.DruidDataSource[0;39m:940 [2m:[0;39m init datasource error, url: jdbc:mysql://localhost:3306/mcms?useUnicode=true&serverTimezone=Asia/Shanghai&characterEncoding=utf-8&zeroDateTimeBehavior=convertToNull&autoReconnect=true&allowMultiQueries=true&useSSL=false

java.sql.SQLNonTransientConnectionException: Could not create connection to database server. Attempted reconnect 3 times. Giving up.
	at com.mysql.cj.jdbc.exceptions.SQLError.createSQLException(SQLError.java:111) ~[mysql-connector-j-8.0.33.jar:8.0.33]
	at com.mysql.cj.jdbc.exceptions.SQLError.createSQLException(SQLError.java:98) ~[mysql-connector-j-8.0.33.jar:8.0.33]
	at com.mysql.cj.jdbc.exceptions.SQLError.createSQLException(SQLError.java:90) ~[mysql-connector-j-8.0.33.jar:8.0.33]
	at com.mysql.cj.jdbc.exceptions.SQLError.createSQLException(SQLError.java:64) ~[mysql-connector-j-8.0.33.jar:8.0.33]
	at com.mysql.cj.jdbc.exceptions.SQLError.createSQLException(SQLError.java:74) ~[mysql-connector-j-8.0.33.jar:8.0.33]
	at com.mysql.cj.jdbc.ConnectionImpl.connectWithRetries(ConnectionImpl.java:895) ~[mysql-connector-j-8.0.33.jar:8.0.33]
	at com.mysql.cj.jdbc.ConnectionImpl.createNewIO(ConnectionImpl.java:820) ~[mysql-connector-j-8.0.33.jar:8.0.33]
	at com.mysql.cj.jdbc.ConnectionImpl.<init>(ConnectionImpl.java:446) ~[mysql-connector-j-8.0.33.jar:8.0.33]
	at com.mysql.cj.jdbc.ConnectionImpl.getInstance(ConnectionImpl.java:239) ~[mysql-connector-j-8.0.33.jar:8.0.33]
	at com.mysql.cj.jdbc.NonRegisteringDriver.connect(NonRegisteringDriver.java:188) ~[mysql-connector-j-8.0.33.jar:8.0.33]
	at com.alibaba.druid.filter.FilterChainImpl.connection_connect(FilterChainImpl.java:132) ~[druid-1.2.21.jar:?]
	at com.alibaba.druid.filter.FilterAdapter.connection_connect(FilterAdapter.java:764) ~[druid-1.2.21.jar:?]
	at com.alibaba.druid.filter.FilterChainImpl.connection_connect(FilterChainImpl.java:126) ~[druid-1.2.21.jar:?]
	at com.alibaba.druid.filter.stat.StatFilter.connection_connect(StatFilter.java:244) ~[druid-1.2.21.jar:?]
	at com.alibaba.druid.filter.FilterChainImpl.connection_connect(FilterChainImpl.java:126) ~[druid-1.2.21.jar:?]
	at com.alibaba.druid.pool.DruidAbstractDataSource.createPhysicalConnection(DruidAbstractDataSource.java:1699) ~[druid-1.2.21.jar:?]
	at com.alibaba.druid.pool.DruidAbstractDataSource.createPhysicalConnection(DruidAbstractDataSource.java:1794) ~[druid-1.2.21.jar:?]
	at com.alibaba.druid.pool.DruidDataSource.init(DruidDataSource.java:936) ~[druid-1.2.21.jar:?]
	at com.alibaba.druid.spring.boot.autoconfigure.DruidDataSourceWrapper.afterPropertiesSet(DruidDataSourceWrapper.java:52) ~[druid-spring-boot-starter-1.2.21.jar:?]
	at org.springframework.beans.factory.support.AbstractAutowireCapableBeanFactory.invokeInitMethods(AbstractAutowireCapableBeanFactory.java:1863) ~[spring-beans-5.3.31.jar:5.3.31]
	at org.springframework.beans.factory.support.AbstractAutowireCapableBeanFactory.initializeBean(AbstractAutowireCapableBeanFactory.java:1800) ~[spring-beans-5.3.31.jar:5.3.31]
	at org.springframework.beans.factory.support.AbstractAutowireCapableBeanFactory.doCreateBean(AbstractAutowireCapableBeanFactory.java:620) ~[spring-beans-5.3.31.jar:5.3.31]
	at org.springframework.beans.factory.support.AbstractAutowireCapableBeanFactory.createBean(AbstractAutowireCapableBeanFactory.java:542) ~[spring-beans-5.3.31.jar:5.3.31]
	at org.springframework.beans.factory.support.AbstractBeanFactory.lambda$doGetBean$0(AbstractBeanFactory.java:335) ~[spring-beans-5.3.31.jar:5.3.31]
	at org.springframework.beans.factory.support.DefaultSingletonBeanRegistry.getSingleton(DefaultSingletonBeanRegistry.java:234) ~[spring-beans-5.3.31.jar:5.3.31]
	at org.springframework.beans.factory.support.AbstractBeanFactory.doGetBean(AbstractBeanFactory.java:333) ~[spring-beans-5.3.31.jar:5.3.31]
	at org.springframework.beans.factory.support.AbstractBeanFactory.getBean(AbstractBeanFactory.java:208) ~[spring-beans-5.3.31.jar:5.3.31]
	at org.springframework.beans.factory.config.DependencyDescriptor.resolveCandidate(DependencyDescriptor.java:276) ~[spring-beans-5.3.31.jar:5.3.31]
	at org.springframework.beans.factory.support.DefaultListableBeanFactory.doResolveDependency(DefaultListableBeanFactory.java:1391) ~[spring-beans-5.3.31.jar:5.3.31]
	at org.springframework.beans.factory.support.DefaultListableBeanFactory.resolveDependency(DefaultListableBeanFactory.java:1311) ~[spring-beans-5.3.31.jar:5.3.31]
	at org.springframework.beans.factory.support.ConstructorResolver.resolveAutowiredArgument(ConstructorResolver.java:911) ~[spring-beans-5.3.31.jar:5.3.31]
	at org.springframework.beans.factory.support.ConstructorResolver.createArgumentArray(ConstructorResolver.java:788) ~[spring-beans-5.3.31.jar:5.3.31]
	at org.springframework.beans.factory.support.ConstructorResolver.instantiateUsingFactoryMethod(ConstructorResolver.java:536) ~[spring-beans-5.3.31.jar:5.3.31]
	at org.springframework.beans.factory.support.AbstractAutowireCapableBeanFactory.instantiateUsingFactoryMethod(AbstractAutowireCapableBeanFactory.java:1352) ~[spring-beans-5.3.31.jar:5.3.31]
	at org.springframework.beans.factory.support.AbstractAutowireCapableBeanFactory.createBeanInstance(AbstractAutowireCapableBeanFactory.java:1195) ~[spring-beans-5.3.31.jar:5.3.31]
	at org.springframework.beans.factory.support.AbstractAutowireCapableBeanFactory.doCreateBean(AbstractAutowireCapableBeanFactory.java:582) ~[spring-beans-5.3.31.jar:5.3.31]
	at org.springframework.beans.factory.support.AbstractAutowireCapableBeanFactory.createBean(AbstractAutowireCapableBeanFactory.java:542) ~[spring-beans-5.3.31.jar:5.3.31]
	at org.springframework.beans.factory.support.AbstractBeanFactory.lambda$doGetBean$0(AbstractBeanFactory.java:335) ~[spring-beans-5.3.31.jar:5.3.31]
	at org.springframework.beans.factory.support.DefaultSingletonBeanRegistry.getSingleton(DefaultSingletonBeanRegistry.java:234) ~[spring-beans-5.3.31.jar:5.3.31]
	at org.springframework.beans.factory.support.AbstractBeanFactory.doGetBean(AbstractBeanFactory.java:333) ~[spring-beans-5.3.31.jar:5.3.31]
	at org.springframework.beans.factory.support.AbstractBeanFactory.getBean(AbstractBeanFactory.java:208) ~[spring-beans-5.3.31.jar:5.3.31]
	at org.springframework.beans.factory.config.DependencyDescriptor.resolveCandidate(DependencyDescriptor.java:276) ~[spring-beans-5.3.31.jar:5.3.31]
	at org.springframework.beans.factory.support.DefaultListableBeanFactory.doResolveDependency(DefaultListableBeanFactory.java:1391) ~[spring-beans-5.3.31.jar:5.3.31]
	at org.springframework.beans.factory.support.DefaultListableBeanFactory.resolveDependency(DefaultListableBeanFactory.java:1311) ~[spring-beans-5.3.31.jar:5.3.31]
	at org.springframework.beans.factory.support.AbstractAutowireCapableBeanFactory.autowireByType(AbstractAutowireCapableBeanFactory.java:1519) ~[spring-beans-5.3.31.jar:5.3.31]
	at org.springframework.beans.factory.support.AbstractAutowireCapableBeanFactory.populateBean(AbstractAutowireCapableBeanFactory.java:1417) ~[spring-beans-5.3.31.jar:5.3.31]
	at org.springframework.beans.factory.support.AbstractAutowireCapableBeanFactory.doCreateBean(AbstractAutowireCapableBeanFactory.java:619) ~[spring-beans-5.3.31.jar:5.3.31]
	at org.springframework.beans.factory.support.AbstractAutowireCapableBeanFactory.createBean(AbstractAutowireCapableBeanFactory.java:542) ~[spring-beans-5.3.31.jar:5.3.31]
	at org.springframework.beans.factory.support.AbstractBeanFactory.lambda$doGetBean$0(AbstractBeanFactory.java:335) ~[spring-beans-5.3.31.jar:5.3.31]
	at org.springframework.beans.factory.support.DefaultSingletonBeanRegistry.getSingleton(DefaultSingletonBeanRegistry.java:234) ~[spring-beans-5.3.31.jar:5.3.31]
	at org.springframework.beans.factory.support.AbstractBeanFactory.doGetBean(AbstractBeanFactory.java:333) ~[spring-beans-5.3.31.jar:5.3.31]
	at org.springframework.beans.factory.support.AbstractBeanFactory.getBean(AbstractBeanFactory.java:208) ~[spring-beans-5.3.31.jar:5.3.31]
	at org.springframework.beans.factory.config.DependencyDescriptor.resolveCandidate(DependencyDescriptor.java:276) ~[spring-beans-5.3.31.jar:5.3.31]
	at org.springframework.beans.factory.support.DefaultListableBeanFactory.doResolveDependency(DefaultListableBeanFactory.java:1391) ~[spring-beans-5.3.31.jar:5.3.31]
	at org.springframework.beans.factory.support.DefaultListableBeanFactory.resolveDependency(DefaultListableBeanFactory.java:1311) ~[spring-beans-5.3.31.jar:5.3.31]
	at org.springframework.beans.factory.annotation.AutowiredAnnotationBeanPostProcessor$AutowiredFieldElement.resolveFieldValue(AutowiredAnnotationBeanPostProcessor.java:710) ~[spring-beans-5.3.31.jar:5.3.31]
	at org.springframework.beans.factory.annotation.AutowiredAnnotationBeanPostProcessor$AutowiredFieldElement.inject(AutowiredAnnotationBeanPostProcessor.java:693) ~[spring-beans-5.3.31.jar:5.3.31]
	at org.springframework.beans.factory.annotation.InjectionMetadata.inject(InjectionMetadata.java:119) ~[spring-beans-5.3.31.jar:5.3.31]
	at org.springframework.beans.factory.annotation.AutowiredAnnotationBeanPostProcessor.postProcessProperties(AutowiredAnnotationBeanPostProcessor.java:408) ~[spring-beans-5.3.31.jar:5.3.31]
	at org.springframework.beans.factory.support.AbstractAutowireCapableBeanFactory.populateBean(AbstractAutowireCapableBeanFactory.java:1431) ~[spring-beans-5.3.31.jar:5.3.31]
	at org.springframework.beans.factory.support.AbstractAutowireCapableBeanFactory.doCreateBean(AbstractAutowireCapableBeanFactory.java:619) ~[spring-beans-5.3.31.jar:5.3.31]
	at org.springframework.beans.factory.support.AbstractAutowireCapableBeanFactory.createBean(AbstractAutowireCapableBeanFactory.java:542) ~[spring-beans-5.3.31.jar:5.3.31]
	at org.springframework.beans.factory.support.AbstractBeanFactory.lambda$doGetBean$0(AbstractBeanFactory.java:335) ~[spring-beans-5.3.31.jar:5.3.31]
	at org.springframework.beans.factory.support.DefaultSingletonBeanRegistry.getSingleton(DefaultSingletonBeanRegistry.java:234) ~[spring-beans-5.3.31.jar:5.3.31]
	at org.springframework.beans.factory.support.AbstractBeanFactory.doGetBean(AbstractBeanFactory.java:333) ~[spring-beans-5.3.31.jar:5.3.31]
	at org.springframework.beans.factory.support.AbstractBeanFactory.getBean(AbstractBeanFactory.java:208) ~[spring-beans-5.3.31.jar:5.3.31]
	at org.springframework.beans.factory.config.DependencyDescriptor.resolveCandidate(DependencyDescriptor.java:276) ~[spring-beans-5.3.31.jar:5.3.31]
	at org.springframework.beans.factory.support.DefaultListableBeanFactory.doResolveDependency(DefaultListableBeanFactory.java:1391) ~[spring-beans-5.3.31.jar:5.3.31]
	at org.springframework.beans.factory.support.DefaultListableBeanFactory.resolveDependency(DefaultListableBeanFactory.java:1311) ~[spring-beans-5.3.31.jar:5.3.31]
	at org.springframework.beans.factory.annotation.AutowiredAnnotationBeanPostProcessor$AutowiredFieldElement.resolveFieldValue(AutowiredAnnotationBeanPostProcessor.java:710) ~[spring-beans-5.3.31.jar:5.3.31]
	at org.springframework.beans.factory.annotation.AutowiredAnnotationBeanPostProcessor$AutowiredFieldElement.inject(AutowiredAnnotationBeanPostProcessor.java:693) ~[spring-beans-5.3.31.jar:5.3.31]
	at org.springframework.beans.factory.annotation.InjectionMetadata.inject(InjectionMetadata.java:119) ~[spring-beans-5.3.31.jar:5.3.31]
	at org.springframework.beans.factory.annotation.AutowiredAnnotationBeanPostProcessor.postProcessProperties(AutowiredAnnotationBeanPostProcessor.java:408) ~[spring-beans-5.3.31.jar:5.3.31]
	at org.springframework.beans.factory.support.AbstractAutowireCapableBeanFactory.populateBean(AbstractAutowireCapableBeanFactory.java:1431) ~[spring-beans-5.3.31.jar:5.3.31]
	at org.springframework.beans.factory.support.AbstractAutowireCapableBeanFactory.doCreateBean(AbstractAutowireCapableBeanFactory.java:619) ~[spring-beans-5.3.31.jar:5.3.31]
	at org.springframework.beans.factory.support.AbstractAutowireCapableBeanFactory.createBean(AbstractAutowireCapableBeanFactory.java:542) ~[spring-beans-5.3.31.jar:5.3.31]
	at org.springframework.beans.factory.support.AbstractBeanFactory.lambda$doGetBean$0(AbstractBeanFactory.java:335) ~[spring-beans-5.3.31.jar:5.3.31]
	at org.springframework.beans.factory.support.DefaultSingletonBeanRegistry.getSingleton(DefaultSingletonBeanRegistry.java:234) ~[spring-beans-5.3.31.jar:5.3.31]
	at org.springframework.beans.factory.support.AbstractBeanFactory.doGetBean(AbstractBeanFactory.java:333) ~[spring-beans-5.3.31.jar:5.3.31]
	at org.springframework.beans.factory.support.AbstractBeanFactory.getBean(AbstractBeanFactory.java:208) ~[spring-beans-5.3.31.jar:5.3.31]
	at org.springframework.context.annotation.ConfigurationClassEnhancer$BeanMethodInterceptor.resolveBeanReference(ConfigurationClassEnhancer.java:362) ~[spring-context-5.3.31.jar:5.3.31]
	at org.springframework.context.annotation.ConfigurationClassEnhancer$BeanMethodInterceptor.intercept(ConfigurationClassEnhancer.java:334) ~[spring-context-5.3.31.jar:5.3.31]
	at net.mingsoft.config.ShiroConfig$$EnhancerBySpringCGLIB$$37dac38f.customRealm(<generated>) ~[ms-basic-2.2.8.jar:2.2.8]
	at net.mingsoft.config.ShiroConfig.securityManager(ShiroConfig.java:126) ~[ms-basic-2.2.8.jar:2.2.8]
	at net.mingsoft.config.ShiroConfig$$EnhancerBySpringCGLIB$$37dac38f.CGLIB$securityManager$0(<generated>) ~[ms-basic-2.2.8.jar:2.2.8]
	at net.mingsoft.config.ShiroConfig$$EnhancerBySpringCGLIB$$37dac38f$$FastClassBySpringCGLIB$$78379e53.invoke(<generated>) ~[ms-basic-2.2.8.jar:2.2.8]
	at org.springframework.cglib.proxy.MethodProxy.invokeSuper(MethodProxy.java:244) ~[spring-core-5.3.31.jar:5.3.31]
	at org.springframework.context.annotation.ConfigurationClassEnhancer$BeanMethodInterceptor.intercept(ConfigurationClassEnhancer.java:331) ~[spring-context-5.3.31.jar:5.3.31]
	at net.mingsoft.config.ShiroConfig$$EnhancerBySpringCGLIB$$37dac38f.securityManager(<generated>) ~[ms-basic-2.2.8.jar:2.2.8]
	at jdk.internal.reflect.DirectMethodHandleAccessor.invoke(DirectMethodHandleAccessor.java:103) ~[?:?]
	at java.lang.reflect.Method.invoke(Method.java:580) ~[?:?]
	at org.springframework.beans.factory.support.SimpleInstantiationStrategy.instantiate(SimpleInstantiationStrategy.java:154) ~[spring-beans-5.3.31.jar:5.3.31]
	at org.springframework.beans.factory.support.ConstructorResolver.instantiate(ConstructorResolver.java:648) ~[spring-beans-5.3.31.jar:5.3.31]
	at org.springframework.beans.factory.support.ConstructorResolver.instantiateUsingFactoryMethod(ConstructorResolver.java:633) ~[spring-beans-5.3.31.jar:5.3.31]
	at org.springframework.beans.factory.support.AbstractAutowireCapableBeanFactory.instantiateUsingFactoryMethod(AbstractAutowireCapableBeanFactory.java:1352) ~[spring-beans-5.3.31.jar:5.3.31]
	at org.springframework.beans.factory.support.AbstractAutowireCapableBeanFactory.createBeanInstance(AbstractAutowireCapableBeanFactory.java:1195) ~[spring-beans-5.3.31.jar:5.3.31]
	at org.springframework.beans.factory.support.AbstractAutowireCapableBeanFactory.doCreateBean(AbstractAutowireCapableBeanFactory.java:582) ~[spring-beans-5.3.31.jar:5.3.31]
	at org.springframework.beans.factory.support.AbstractAutowireCapableBeanFactory.createBean(AbstractAutowireCapableBeanFactory.java:542) ~[spring-beans-5.3.31.jar:5.3.31]
	at org.springframework.beans.factory.support.AbstractBeanFactory.lambda$doGetBean$0(AbstractBeanFactory.java:335) ~[spring-beans-5.3.31.jar:5.3.31]
	at org.springframework.beans.factory.support.DefaultSingletonBeanRegistry.getSingleton(DefaultSingletonBeanRegistry.java:234) ~[spring-beans-5.3.31.jar:5.3.31]
	at org.springframework.beans.factory.support.AbstractBeanFactory.doGetBean(AbstractBeanFactory.java:333) ~[spring-beans-5.3.31.jar:5.3.31]
	at org.springframework.beans.factory.support.AbstractBeanFactory.getBean(AbstractBeanFactory.java:208) ~[spring-beans-5.3.31.jar:5.3.31]
	at org.springframework.beans.factory.config.DependencyDescriptor.resolveCandidate(DependencyDescriptor.java:276) ~[spring-beans-5.3.31.jar:5.3.31]
	at org.springframework.beans.factory.support.DefaultListableBeanFactory.doResolveDependency(DefaultListableBeanFactory.java:1391) ~[spring-beans-5.3.31.jar:5.3.31]
	at org.springframework.beans.factory.support.DefaultListableBeanFactory.resolveDependency(DefaultListableBeanFactory.java:1311) ~[spring-beans-5.3.31.jar:5.3.31]
	at org.springframework.beans.factory.support.ConstructorResolver.resolveAutowiredArgument(ConstructorResolver.java:911) ~[spring-beans-5.3.31.jar:5.3.31]
	at org.springframework.beans.factory.support.ConstructorResolver.createArgumentArray(ConstructorResolver.java:788) ~[spring-beans-5.3.31.jar:5.3.31]
	at org.springframework.beans.factory.support.ConstructorResolver.instantiateUsingFactoryMethod(ConstructorResolver.java:536) ~[spring-beans-5.3.31.jar:5.3.31]
	at org.springframework.beans.factory.support.AbstractAutowireCapableBeanFactory.instantiateUsingFactoryMethod(AbstractAutowireCapableBeanFactory.java:1352) ~[spring-beans-5.3.31.jar:5.3.31]
	at org.springframework.beans.factory.support.AbstractAutowireCapableBeanFactory.createBeanInstance(AbstractAutowireCapableBeanFactory.java:1195) ~[spring-beans-5.3.31.jar:5.3.31]
	at org.springframework.beans.factory.support.AbstractAutowireCapableBeanFactory.doCreateBean(AbstractAutowireCapableBeanFactory.java:582) ~[spring-beans-5.3.31.jar:5.3.31]
	at org.springframework.beans.factory.support.AbstractAutowireCapableBeanFactory.createBean(AbstractAutowireCapableBeanFactory.java:542) ~[spring-beans-5.3.31.jar:5.3.31]
	at org.springframework.beans.factory.support.AbstractBeanFactory.lambda$doGetBean$0(AbstractBeanFactory.java:335) ~[spring-beans-5.3.31.jar:5.3.31]
	at org.springframework.beans.factory.support.DefaultSingletonBeanRegistry.getSingleton(DefaultSingletonBeanRegistry.java:234) ~[spring-beans-5.3.31.jar:5.3.31]
	at org.springframework.beans.factory.support.AbstractBeanFactory.doGetBean(AbstractBeanFactory.java:333) ~[spring-beans-5.3.31.jar:5.3.31]
	at org.springframework.beans.factory.support.AbstractBeanFactory.getBean(AbstractBeanFactory.java:213) ~[spring-beans-5.3.31.jar:5.3.31]
	at org.springframework.aop.framework.autoproxy.BeanFactoryAdvisorRetrievalHelper.findAdvisorBeans(BeanFactoryAdvisorRetrievalHelper.java:91) ~[spring-aop-5.3.31.jar:5.3.31]
	at org.springframework.aop.framework.autoproxy.AbstractAdvisorAutoProxyCreator.findCandidateAdvisors(AbstractAdvisorAutoProxyCreator.java:111) ~[spring-aop-5.3.31.jar:5.3.31]
	at org.springframework.aop.aspectj.annotation.AnnotationAwareAspectJAutoProxyCreator.findCandidateAdvisors(AnnotationAwareAspectJAutoProxyCreator.java:92) ~[spring-aop-5.3.31.jar:5.3.31]
	at org.springframework.aop.aspectj.autoproxy.AspectJAwareAdvisorAutoProxyCreator.shouldSkip(AspectJAwareAdvisorAutoProxyCreator.java:101) ~[spring-aop-5.3.31.jar:5.3.31]
	at org.springframework.aop.framework.autoproxy.AbstractAutoProxyCreator.postProcessBeforeInstantiation(AbstractAutoProxyCreator.java:255) ~[spring-aop-5.3.31.jar:5.3.31]
	at org.springframework.beans.factory.support.AbstractAutowireCapableBeanFactory.applyBeanPostProcessorsBeforeInstantiation(AbstractAutowireCapableBeanFactory.java:1160) ~[spring-beans-5.3.31.jar:5.3.31]
	at org.springframework.beans.factory.support.AbstractAutowireCapableBeanFactory.resolveBeforeInstantiation(AbstractAutowireCapableBeanFactory.java:1135) ~[spring-beans-5.3.31.jar:5.3.31]
	at org.springframework.beans.factory.support.AbstractAutowireCapableBeanFactory.createBean(AbstractAutowireCapableBeanFactory.java:531) ~[spring-beans-5.3.31.jar:5.3.31]
	at org.springframework.beans.factory.support.AbstractBeanFactory.lambda$doGetBean$0(AbstractBeanFactory.java:335) ~[spring-beans-5.3.31.jar:5.3.31]
	at org.springframework.beans.factory.support.DefaultSingletonBeanRegistry.getSingleton(DefaultSingletonBeanRegistry.java:234) [spring-beans-5.3.31.jar:5.3.31]
	at org.springframework.beans.factory.support.AbstractBeanFactory.doGetBean(AbstractBeanFactory.java:333) [spring-beans-5.3.31.jar:5.3.31]
	at org.springframework.beans.factory.support.AbstractBeanFactory.getBean(AbstractBeanFactory.java:213) [spring-beans-5.3.31.jar:5.3.31]
	at org.springframework.context.support.PostProcessorRegistrationDelegate.registerBeanPostProcessors(PostProcessorRegistrationDelegate.java:270) [spring-context-5.3.31.jar:5.3.31]
	at org.springframework.context.support.AbstractApplicationContext.registerBeanPostProcessors(AbstractApplicationContext.java:773) [spring-context-5.3.31.jar:5.3.31]
	at org.springframework.context.support.AbstractApplicationContext.refresh(AbstractApplicationContext.java:575) [spring-context-5.3.31.jar:5.3.31]
	at org.springframework.boot.web.servlet.context.ServletWebServerApplicationContext.refresh(ServletWebServerApplicationContext.java:147) [spring-boot-2.7.18.jar:2.7.18]
	at org.springframework.boot.SpringApplication.refresh(SpringApplication.java:732) [spring-boot-2.7.18.jar:2.7.18]
	at org.springframework.boot.SpringApplication.refreshContext(SpringApplication.java:409) [spring-boot-2.7.18.jar:2.7.18]
	at org.springframework.boot.SpringApplication.run(SpringApplication.java:308) [spring-boot-2.7.18.jar:2.7.18]
	at org.springframework.boot.SpringApplication.run(SpringApplication.java:1300) [spring-boot-2.7.18.jar:2.7.18]
	at org.springframework.boot.SpringApplication.run(SpringApplication.java:1289) [spring-boot-2.7.18.jar:2.7.18]
	at net.mingsoft.MSApplication.main(MSApplication.java:34) [classes/:?]
Caused by: com.mysql.cj.exceptions.CJException: Access denied for user 'root'@'localhost' (using password: YES)
	at jdk.internal.reflect.DirectConstructorHandleAccessor.newInstance(DirectConstructorHandleAccessor.java:62) ~[?:?]
	at java.lang.reflect.Constructor.newInstanceWithCaller(Constructor.java:502) ~[?:?]
	at java.lang.reflect.Constructor.newInstance(Constructor.java:486) ~[?:?]
	at com.mysql.cj.exceptions.ExceptionFactory.createException(ExceptionFactory.java:62) ~[mysql-connector-j-8.0.33.jar:8.0.33]
	at com.mysql.cj.exceptions.ExceptionFactory.createException(ExceptionFactory.java:105) ~[mysql-connector-j-8.0.33.jar:8.0.33]
	at com.mysql.cj.exceptions.ExceptionFactory.createException(ExceptionFactory.java:150) ~[mysql-connector-j-8.0.33.jar:8.0.33]
	at com.mysql.cj.exceptions.ExceptionFactory.createException(ExceptionFactory.java:128) ~[mysql-connector-j-8.0.33.jar:8.0.33]
	at com.mysql.cj.protocol.a.NativeProtocol.checkErrorMessage(NativeProtocol.java:849) ~[mysql-connector-j-8.0.33.jar:8.0.33]
	at com.mysql.cj.protocol.a.NativeProtocol.checkErrorMessage(NativeProtocol.java:771) ~[mysql-connector-j-8.0.33.jar:8.0.33]
	at com.mysql.cj.protocol.a.NativeProtocol.checkErrorMessage(NativeProtocol.java:739) ~[mysql-connector-j-8.0.33.jar:8.0.33]
	at com.mysql.cj.protocol.a.NativeProtocol.checkErrorMessage(NativeProtocol.java:156) ~[mysql-connector-j-8.0.33.jar:8.0.33]
	at com.mysql.cj.protocol.a.NativeAuthenticationProvider.proceedHandshakeWithPluggableAuthentication(NativeAuthenticationProvider.java:468) ~[mysql-connector-j-8.0.33.jar:8.0.33]
	at com.mysql.cj.protocol.a.NativeAuthenticationProvider.connect(NativeAuthenticationProvider.java:213) ~[mysql-connector-j-8.0.33.jar:8.0.33]
	at com.mysql.cj.protocol.a.NativeProtocol.connect(NativeProtocol.java:1430) ~[mysql-connector-j-8.0.33.jar:8.0.33]
	at com.mysql.cj.NativeSession.connect(NativeSession.java:134) ~[mysql-connector-j-8.0.33.jar:8.0.33]
	at com.mysql.cj.jdbc.ConnectionImpl.connectWithRetries(ConnectionImpl.java:839) ~[mysql-connector-j-8.0.33.jar:8.0.33]
	... 132 more

[2m2025-04-17 15:55:52.015[0;39m [[31mERROR[0;39m] [35m29080[0;39m [2m[           main ][0;39m [31mcom.alibaba.druid.pool.DruidDataSource[0;39m:982 [2m:[0;39m {dataSource-1} init error

java.sql.SQLNonTransientConnectionException: Could not create connection to database server. Attempted reconnect 3 times. Giving up.
	at com.mysql.cj.jdbc.exceptions.SQLError.createSQLException(SQLError.java:111) ~[mysql-connector-j-8.0.33.jar:8.0.33]
	at com.mysql.cj.jdbc.exceptions.SQLError.createSQLException(SQLError.java:98) ~[mysql-connector-j-8.0.33.jar:8.0.33]
	at com.mysql.cj.jdbc.exceptions.SQLError.createSQLException(SQLError.java:90) ~[mysql-connector-j-8.0.33.jar:8.0.33]
	at com.mysql.cj.jdbc.exceptions.SQLError.createSQLException(SQLError.java:64) ~[mysql-connector-j-8.0.33.jar:8.0.33]
	at com.mysql.cj.jdbc.exceptions.SQLError.createSQLException(SQLError.java:74) ~[mysql-connector-j-8.0.33.jar:8.0.33]
	at com.mysql.cj.jdbc.ConnectionImpl.connectWithRetries(ConnectionImpl.java:895) ~[mysql-connector-j-8.0.33.jar:8.0.33]
	at com.mysql.cj.jdbc.ConnectionImpl.createNewIO(ConnectionImpl.java:820) ~[mysql-connector-j-8.0.33.jar:8.0.33]
	at com.mysql.cj.jdbc.ConnectionImpl.<init>(ConnectionImpl.java:446) ~[mysql-connector-j-8.0.33.jar:8.0.33]
	at com.mysql.cj.jdbc.ConnectionImpl.getInstance(ConnectionImpl.java:239) ~[mysql-connector-j-8.0.33.jar:8.0.33]
	at com.mysql.cj.jdbc.NonRegisteringDriver.connect(NonRegisteringDriver.java:188) ~[mysql-connector-j-8.0.33.jar:8.0.33]
	at com.alibaba.druid.filter.FilterChainImpl.connection_connect(FilterChainImpl.java:132) ~[druid-1.2.21.jar:?]
	at com.alibaba.druid.filter.FilterAdapter.connection_connect(FilterAdapter.java:764) ~[druid-1.2.21.jar:?]
	at com.alibaba.druid.filter.FilterChainImpl.connection_connect(FilterChainImpl.java:126) ~[druid-1.2.21.jar:?]
	at com.alibaba.druid.filter.stat.StatFilter.connection_connect(StatFilter.java:244) ~[druid-1.2.21.jar:?]
	at com.alibaba.druid.filter.FilterChainImpl.connection_connect(FilterChainImpl.java:126) ~[druid-1.2.21.jar:?]
	at com.alibaba.druid.pool.DruidAbstractDataSource.createPhysicalConnection(DruidAbstractDataSource.java:1699) ~[druid-1.2.21.jar:?]
	at com.alibaba.druid.pool.DruidAbstractDataSource.createPhysicalConnection(DruidAbstractDataSource.java:1794) ~[druid-1.2.21.jar:?]
	at com.alibaba.druid.pool.DruidDataSource.init(DruidDataSource.java:936) ~[druid-1.2.21.jar:?]
	at com.alibaba.druid.spring.boot.autoconfigure.DruidDataSourceWrapper.afterPropertiesSet(DruidDataSourceWrapper.java:52) ~[druid-spring-boot-starter-1.2.21.jar:?]
	at org.springframework.beans.factory.support.AbstractAutowireCapableBeanFactory.invokeInitMethods(AbstractAutowireCapableBeanFactory.java:1863) ~[spring-beans-5.3.31.jar:5.3.31]
	at org.springframework.beans.factory.support.AbstractAutowireCapableBeanFactory.initializeBean(AbstractAutowireCapableBeanFactory.java:1800) ~[spring-beans-5.3.31.jar:5.3.31]
	at org.springframework.beans.factory.support.AbstractAutowireCapableBeanFactory.doCreateBean(AbstractAutowireCapableBeanFactory.java:620) ~[spring-beans-5.3.31.jar:5.3.31]
	at org.springframework.beans.factory.support.AbstractAutowireCapableBeanFactory.createBean(AbstractAutowireCapableBeanFactory.java:542) ~[spring-beans-5.3.31.jar:5.3.31]
	at org.springframework.beans.factory.support.AbstractBeanFactory.lambda$doGetBean$0(AbstractBeanFactory.java:335) ~[spring-beans-5.3.31.jar:5.3.31]
	at org.springframework.beans.factory.support.DefaultSingletonBeanRegistry.getSingleton(DefaultSingletonBeanRegistry.java:234) ~[spring-beans-5.3.31.jar:5.3.31]
	at org.springframework.beans.factory.support.AbstractBeanFactory.doGetBean(AbstractBeanFactory.java:333) ~[spring-beans-5.3.31.jar:5.3.31]
	at org.springframework.beans.factory.support.AbstractBeanFactory.getBean(AbstractBeanFactory.java:208) ~[spring-beans-5.3.31.jar:5.3.31]
	at org.springframework.beans.factory.config.DependencyDescriptor.resolveCandidate(DependencyDescriptor.java:276) ~[spring-beans-5.3.31.jar:5.3.31]
	at org.springframework.beans.factory.support.DefaultListableBeanFactory.doResolveDependency(DefaultListableBeanFactory.java:1391) ~[spring-beans-5.3.31.jar:5.3.31]
	at org.springframework.beans.factory.support.DefaultListableBeanFactory.resolveDependency(DefaultListableBeanFactory.java:1311) ~[spring-beans-5.3.31.jar:5.3.31]
	at org.springframework.beans.factory.support.ConstructorResolver.resolveAutowiredArgument(ConstructorResolver.java:911) ~[spring-beans-5.3.31.jar:5.3.31]
	at org.springframework.beans.factory.support.ConstructorResolver.createArgumentArray(ConstructorResolver.java:788) ~[spring-beans-5.3.31.jar:5.3.31]
	at org.springframework.beans.factory.support.ConstructorResolver.instantiateUsingFactoryMethod(ConstructorResolver.java:536) ~[spring-beans-5.3.31.jar:5.3.31]
	at org.springframework.beans.factory.support.AbstractAutowireCapableBeanFactory.instantiateUsingFactoryMethod(AbstractAutowireCapableBeanFactory.java:1352) ~[spring-beans-5.3.31.jar:5.3.31]
	at org.springframework.beans.factory.support.AbstractAutowireCapableBeanFactory.createBeanInstance(AbstractAutowireCapableBeanFactory.java:1195) ~[spring-beans-5.3.31.jar:5.3.31]
	at org.springframework.beans.factory.support.AbstractAutowireCapableBeanFactory.doCreateBean(AbstractAutowireCapableBeanFactory.java:582) ~[spring-beans-5.3.31.jar:5.3.31]
	at org.springframework.beans.factory.support.AbstractAutowireCapableBeanFactory.createBean(AbstractAutowireCapableBeanFactory.java:542) ~[spring-beans-5.3.31.jar:5.3.31]
	at org.springframework.beans.factory.support.AbstractBeanFactory.lambda$doGetBean$0(AbstractBeanFactory.java:335) ~[spring-beans-5.3.31.jar:5.3.31]
	at org.springframework.beans.factory.support.DefaultSingletonBeanRegistry.getSingleton(DefaultSingletonBeanRegistry.java:234) ~[spring-beans-5.3.31.jar:5.3.31]
	at org.springframework.beans.factory.support.AbstractBeanFactory.doGetBean(AbstractBeanFactory.java:333) ~[spring-beans-5.3.31.jar:5.3.31]
	at org.springframework.beans.factory.support.AbstractBeanFactory.getBean(AbstractBeanFactory.java:208) ~[spring-beans-5.3.31.jar:5.3.31]
	at org.springframework.beans.factory.config.DependencyDescriptor.resolveCandidate(DependencyDescriptor.java:276) ~[spring-beans-5.3.31.jar:5.3.31]
	at org.springframework.beans.factory.support.DefaultListableBeanFactory.doResolveDependency(DefaultListableBeanFactory.java:1391) ~[spring-beans-5.3.31.jar:5.3.31]
	at org.springframework.beans.factory.support.DefaultListableBeanFactory.resolveDependency(DefaultListableBeanFactory.java:1311) ~[spring-beans-5.3.31.jar:5.3.31]
	at org.springframework.beans.factory.support.AbstractAutowireCapableBeanFactory.autowireByType(AbstractAutowireCapableBeanFactory.java:1519) ~[spring-beans-5.3.31.jar:5.3.31]
	at org.springframework.beans.factory.support.AbstractAutowireCapableBeanFactory.populateBean(AbstractAutowireCapableBeanFactory.java:1417) ~[spring-beans-5.3.31.jar:5.3.31]
	at org.springframework.beans.factory.support.AbstractAutowireCapableBeanFactory.doCreateBean(AbstractAutowireCapableBeanFactory.java:619) ~[spring-beans-5.3.31.jar:5.3.31]
	at org.springframework.beans.factory.support.AbstractAutowireCapableBeanFactory.createBean(AbstractAutowireCapableBeanFactory.java:542) ~[spring-beans-5.3.31.jar:5.3.31]
	at org.springframework.beans.factory.support.AbstractBeanFactory.lambda$doGetBean$0(AbstractBeanFactory.java:335) ~[spring-beans-5.3.31.jar:5.3.31]
	at org.springframework.beans.factory.support.DefaultSingletonBeanRegistry.getSingleton(DefaultSingletonBeanRegistry.java:234) ~[spring-beans-5.3.31.jar:5.3.31]
	at org.springframework.beans.factory.support.AbstractBeanFactory.doGetBean(AbstractBeanFactory.java:333) ~[spring-beans-5.3.31.jar:5.3.31]
	at org.springframework.beans.factory.support.AbstractBeanFactory.getBean(AbstractBeanFactory.java:208) ~[spring-beans-5.3.31.jar:5.3.31]
	at org.springframework.beans.factory.config.DependencyDescriptor.resolveCandidate(DependencyDescriptor.java:276) ~[spring-beans-5.3.31.jar:5.3.31]
	at org.springframework.beans.factory.support.DefaultListableBeanFactory.doResolveDependency(DefaultListableBeanFactory.java:1391) ~[spring-beans-5.3.31.jar:5.3.31]
	at org.springframework.beans.factory.support.DefaultListableBeanFactory.resolveDependency(DefaultListableBeanFactory.java:1311) ~[spring-beans-5.3.31.jar:5.3.31]
	at org.springframework.beans.factory.annotation.AutowiredAnnotationBeanPostProcessor$AutowiredFieldElement.resolveFieldValue(AutowiredAnnotationBeanPostProcessor.java:710) ~[spring-beans-5.3.31.jar:5.3.31]
	at org.springframework.beans.factory.annotation.AutowiredAnnotationBeanPostProcessor$AutowiredFieldElement.inject(AutowiredAnnotationBeanPostProcessor.java:693) ~[spring-beans-5.3.31.jar:5.3.31]
	at org.springframework.beans.factory.annotation.InjectionMetadata.inject(InjectionMetadata.java:119) ~[spring-beans-5.3.31.jar:5.3.31]
	at org.springframework.beans.factory.annotation.AutowiredAnnotationBeanPostProcessor.postProcessProperties(AutowiredAnnotationBeanPostProcessor.java:408) ~[spring-beans-5.3.31.jar:5.3.31]
	at org.springframework.beans.factory.support.AbstractAutowireCapableBeanFactory.populateBean(AbstractAutowireCapableBeanFactory.java:1431) ~[spring-beans-5.3.31.jar:5.3.31]
	at org.springframework.beans.factory.support.AbstractAutowireCapableBeanFactory.doCreateBean(AbstractAutowireCapableBeanFactory.java:619) ~[spring-beans-5.3.31.jar:5.3.31]
	at org.springframework.beans.factory.support.AbstractAutowireCapableBeanFactory.createBean(AbstractAutowireCapableBeanFactory.java:542) ~[spring-beans-5.3.31.jar:5.3.31]
	at org.springframework.beans.factory.support.AbstractBeanFactory.lambda$doGetBean$0(AbstractBeanFactory.java:335) ~[spring-beans-5.3.31.jar:5.3.31]
	at org.springframework.beans.factory.support.DefaultSingletonBeanRegistry.getSingleton(DefaultSingletonBeanRegistry.java:234) ~[spring-beans-5.3.31.jar:5.3.31]
	at org.springframework.beans.factory.support.AbstractBeanFactory.doGetBean(AbstractBeanFactory.java:333) ~[spring-beans-5.3.31.jar:5.3.31]
	at org.springframework.beans.factory.support.AbstractBeanFactory.getBean(AbstractBeanFactory.java:208) ~[spring-beans-5.3.31.jar:5.3.31]
	at org.springframework.beans.factory.config.DependencyDescriptor.resolveCandidate(DependencyDescriptor.java:276) ~[spring-beans-5.3.31.jar:5.3.31]
	at org.springframework.beans.factory.support.DefaultListableBeanFactory.doResolveDependency(DefaultListableBeanFactory.java:1391) ~[spring-beans-5.3.31.jar:5.3.31]
	at org.springframework.beans.factory.support.DefaultListableBeanFactory.resolveDependency(DefaultListableBeanFactory.java:1311) ~[spring-beans-5.3.31.jar:5.3.31]
	at org.springframework.beans.factory.annotation.AutowiredAnnotationBeanPostProcessor$AutowiredFieldElement.resolveFieldValue(AutowiredAnnotationBeanPostProcessor.java:710) ~[spring-beans-5.3.31.jar:5.3.31]
	at org.springframework.beans.factory.annotation.AutowiredAnnotationBeanPostProcessor$AutowiredFieldElement.inject(AutowiredAnnotationBeanPostProcessor.java:693) ~[spring-beans-5.3.31.jar:5.3.31]
	at org.springframework.beans.factory.annotation.InjectionMetadata.inject(InjectionMetadata.java:119) ~[spring-beans-5.3.31.jar:5.3.31]
	at org.springframework.beans.factory.annotation.AutowiredAnnotationBeanPostProcessor.postProcessProperties(AutowiredAnnotationBeanPostProcessor.java:408) ~[spring-beans-5.3.31.jar:5.3.31]
	at org.springframework.beans.factory.support.AbstractAutowireCapableBeanFactory.populateBean(AbstractAutowireCapableBeanFactory.java:1431) ~[spring-beans-5.3.31.jar:5.3.31]
	at org.springframework.beans.factory.support.AbstractAutowireCapableBeanFactory.doCreateBean(AbstractAutowireCapableBeanFactory.java:619) ~[spring-beans-5.3.31.jar:5.3.31]
	at org.springframework.beans.factory.support.AbstractAutowireCapableBeanFactory.createBean(AbstractAutowireCapableBeanFactory.java:542) ~[spring-beans-5.3.31.jar:5.3.31]
	at org.springframework.beans.factory.support.AbstractBeanFactory.lambda$doGetBean$0(AbstractBeanFactory.java:335) ~[spring-beans-5.3.31.jar:5.3.31]
	at org.springframework.beans.factory.support.DefaultSingletonBeanRegistry.getSingleton(DefaultSingletonBeanRegistry.java:234) ~[spring-beans-5.3.31.jar:5.3.31]
	at org.springframework.beans.factory.support.AbstractBeanFactory.doGetBean(AbstractBeanFactory.java:333) ~[spring-beans-5.3.31.jar:5.3.31]
	at org.springframework.beans.factory.support.AbstractBeanFactory.getBean(AbstractBeanFactory.java:208) ~[spring-beans-5.3.31.jar:5.3.31]
	at org.springframework.context.annotation.ConfigurationClassEnhancer$BeanMethodInterceptor.resolveBeanReference(ConfigurationClassEnhancer.java:362) ~[spring-context-5.3.31.jar:5.3.31]
	at org.springframework.context.annotation.ConfigurationClassEnhancer$BeanMethodInterceptor.intercept(ConfigurationClassEnhancer.java:334) ~[spring-context-5.3.31.jar:5.3.31]
	at net.mingsoft.config.ShiroConfig$$EnhancerBySpringCGLIB$$37dac38f.customRealm(<generated>) ~[ms-basic-2.2.8.jar:2.2.8]
	at net.mingsoft.config.ShiroConfig.securityManager(ShiroConfig.java:126) ~[ms-basic-2.2.8.jar:2.2.8]
	at net.mingsoft.config.ShiroConfig$$EnhancerBySpringCGLIB$$37dac38f.CGLIB$securityManager$0(<generated>) ~[ms-basic-2.2.8.jar:2.2.8]
	at net.mingsoft.config.ShiroConfig$$EnhancerBySpringCGLIB$$37dac38f$$FastClassBySpringCGLIB$$78379e53.invoke(<generated>) ~[ms-basic-2.2.8.jar:2.2.8]
	at org.springframework.cglib.proxy.MethodProxy.invokeSuper(MethodProxy.java:244) ~[spring-core-5.3.31.jar:5.3.31]
	at org.springframework.context.annotation.ConfigurationClassEnhancer$BeanMethodInterceptor.intercept(ConfigurationClassEnhancer.java:331) ~[spring-context-5.3.31.jar:5.3.31]
	at net.mingsoft.config.ShiroConfig$$EnhancerBySpringCGLIB$$37dac38f.securityManager(<generated>) ~[ms-basic-2.2.8.jar:2.2.8]
	at jdk.internal.reflect.DirectMethodHandleAccessor.invoke(DirectMethodHandleAccessor.java:103) ~[?:?]
	at java.lang.reflect.Method.invoke(Method.java:580) ~[?:?]
	at org.springframework.beans.factory.support.SimpleInstantiationStrategy.instantiate(SimpleInstantiationStrategy.java:154) ~[spring-beans-5.3.31.jar:5.3.31]
	at org.springframework.beans.factory.support.ConstructorResolver.instantiate(ConstructorResolver.java:648) ~[spring-beans-5.3.31.jar:5.3.31]
	at org.springframework.beans.factory.support.ConstructorResolver.instantiateUsingFactoryMethod(ConstructorResolver.java:633) ~[spring-beans-5.3.31.jar:5.3.31]
	at org.springframework.beans.factory.support.AbstractAutowireCapableBeanFactory.instantiateUsingFactoryMethod(AbstractAutowireCapableBeanFactory.java:1352) ~[spring-beans-5.3.31.jar:5.3.31]
	at org.springframework.beans.factory.support.AbstractAutowireCapableBeanFactory.createBeanInstance(AbstractAutowireCapableBeanFactory.java:1195) ~[spring-beans-5.3.31.jar:5.3.31]
	at org.springframework.beans.factory.support.AbstractAutowireCapableBeanFactory.doCreateBean(AbstractAutowireCapableBeanFactory.java:582) ~[spring-beans-5.3.31.jar:5.3.31]
	at org.springframework.beans.factory.support.AbstractAutowireCapableBeanFactory.createBean(AbstractAutowireCapableBeanFactory.java:542) ~[spring-beans-5.3.31.jar:5.3.31]
	at org.springframework.beans.factory.support.AbstractBeanFactory.lambda$doGetBean$0(AbstractBeanFactory.java:335) ~[spring-beans-5.3.31.jar:5.3.31]
	at org.springframework.beans.factory.support.DefaultSingletonBeanRegistry.getSingleton(DefaultSingletonBeanRegistry.java:234) ~[spring-beans-5.3.31.jar:5.3.31]
	at org.springframework.beans.factory.support.AbstractBeanFactory.doGetBean(AbstractBeanFactory.java:333) ~[spring-beans-5.3.31.jar:5.3.31]
	at org.springframework.beans.factory.support.AbstractBeanFactory.getBean(AbstractBeanFactory.java:208) ~[spring-beans-5.3.31.jar:5.3.31]
	at org.springframework.beans.factory.config.DependencyDescriptor.resolveCandidate(DependencyDescriptor.java:276) ~[spring-beans-5.3.31.jar:5.3.31]
	at org.springframework.beans.factory.support.DefaultListableBeanFactory.doResolveDependency(DefaultListableBeanFactory.java:1391) ~[spring-beans-5.3.31.jar:5.3.31]
	at org.springframework.beans.factory.support.DefaultListableBeanFactory.resolveDependency(DefaultListableBeanFactory.java:1311) ~[spring-beans-5.3.31.jar:5.3.31]
	at org.springframework.beans.factory.support.ConstructorResolver.resolveAutowiredArgument(ConstructorResolver.java:911) ~[spring-beans-5.3.31.jar:5.3.31]
	at org.springframework.beans.factory.support.ConstructorResolver.createArgumentArray(ConstructorResolver.java:788) ~[spring-beans-5.3.31.jar:5.3.31]
	at org.springframework.beans.factory.support.ConstructorResolver.instantiateUsingFactoryMethod(ConstructorResolver.java:536) ~[spring-beans-5.3.31.jar:5.3.31]
	at org.springframework.beans.factory.support.AbstractAutowireCapableBeanFactory.instantiateUsingFactoryMethod(AbstractAutowireCapableBeanFactory.java:1352) ~[spring-beans-5.3.31.jar:5.3.31]
	at org.springframework.beans.factory.support.AbstractAutowireCapableBeanFactory.createBeanInstance(AbstractAutowireCapableBeanFactory.java:1195) ~[spring-beans-5.3.31.jar:5.3.31]
	at org.springframework.beans.factory.support.AbstractAutowireCapableBeanFactory.doCreateBean(AbstractAutowireCapableBeanFactory.java:582) ~[spring-beans-5.3.31.jar:5.3.31]
	at org.springframework.beans.factory.support.AbstractAutowireCapableBeanFactory.createBean(AbstractAutowireCapableBeanFactory.java:542) ~[spring-beans-5.3.31.jar:5.3.31]
	at org.springframework.beans.factory.support.AbstractBeanFactory.lambda$doGetBean$0(AbstractBeanFactory.java:335) ~[spring-beans-5.3.31.jar:5.3.31]
	at org.springframework.beans.factory.support.DefaultSingletonBeanRegistry.getSingleton(DefaultSingletonBeanRegistry.java:234) ~[spring-beans-5.3.31.jar:5.3.31]
	at org.springframework.beans.factory.support.AbstractBeanFactory.doGetBean(AbstractBeanFactory.java:333) ~[spring-beans-5.3.31.jar:5.3.31]
	at org.springframework.beans.factory.support.AbstractBeanFactory.getBean(AbstractBeanFactory.java:213) ~[spring-beans-5.3.31.jar:5.3.31]
	at org.springframework.aop.framework.autoproxy.BeanFactoryAdvisorRetrievalHelper.findAdvisorBeans(BeanFactoryAdvisorRetrievalHelper.java:91) ~[spring-aop-5.3.31.jar:5.3.31]
	at org.springframework.aop.framework.autoproxy.AbstractAdvisorAutoProxyCreator.findCandidateAdvisors(AbstractAdvisorAutoProxyCreator.java:111) ~[spring-aop-5.3.31.jar:5.3.31]
	at org.springframework.aop.aspectj.annotation.AnnotationAwareAspectJAutoProxyCreator.findCandidateAdvisors(AnnotationAwareAspectJAutoProxyCreator.java:92) ~[spring-aop-5.3.31.jar:5.3.31]
	at org.springframework.aop.aspectj.autoproxy.AspectJAwareAdvisorAutoProxyCreator.shouldSkip(AspectJAwareAdvisorAutoProxyCreator.java:101) ~[spring-aop-5.3.31.jar:5.3.31]
	at org.springframework.aop.framework.autoproxy.AbstractAutoProxyCreator.postProcessBeforeInstantiation(AbstractAutoProxyCreator.java:255) ~[spring-aop-5.3.31.jar:5.3.31]
	at org.springframework.beans.factory.support.AbstractAutowireCapableBeanFactory.applyBeanPostProcessorsBeforeInstantiation(AbstractAutowireCapableBeanFactory.java:1160) ~[spring-beans-5.3.31.jar:5.3.31]
	at org.springframework.beans.factory.support.AbstractAutowireCapableBeanFactory.resolveBeforeInstantiation(AbstractAutowireCapableBeanFactory.java:1135) ~[spring-beans-5.3.31.jar:5.3.31]
	at org.springframework.beans.factory.support.AbstractAutowireCapableBeanFactory.createBean(AbstractAutowireCapableBeanFactory.java:531) ~[spring-beans-5.3.31.jar:5.3.31]
	at org.springframework.beans.factory.support.AbstractBeanFactory.lambda$doGetBean$0(AbstractBeanFactory.java:335) ~[spring-beans-5.3.31.jar:5.3.31]
	at org.springframework.beans.factory.support.DefaultSingletonBeanRegistry.getSingleton(DefaultSingletonBeanRegistry.java:234) [spring-beans-5.3.31.jar:5.3.31]
	at org.springframework.beans.factory.support.AbstractBeanFactory.doGetBean(AbstractBeanFactory.java:333) [spring-beans-5.3.31.jar:5.3.31]
	at org.springframework.beans.factory.support.AbstractBeanFactory.getBean(AbstractBeanFactory.java:213) [spring-beans-5.3.31.jar:5.3.31]
	at org.springframework.context.support.PostProcessorRegistrationDelegate.registerBeanPostProcessors(PostProcessorRegistrationDelegate.java:270) [spring-context-5.3.31.jar:5.3.31]
	at org.springframework.context.support.AbstractApplicationContext.registerBeanPostProcessors(AbstractApplicationContext.java:773) [spring-context-5.3.31.jar:5.3.31]
	at org.springframework.context.support.AbstractApplicationContext.refresh(AbstractApplicationContext.java:575) [spring-context-5.3.31.jar:5.3.31]
	at org.springframework.boot.web.servlet.context.ServletWebServerApplicationContext.refresh(ServletWebServerApplicationContext.java:147) [spring-boot-2.7.18.jar:2.7.18]
	at org.springframework.boot.SpringApplication.refresh(SpringApplication.java:732) [spring-boot-2.7.18.jar:2.7.18]
	at org.springframework.boot.SpringApplication.refreshContext(SpringApplication.java:409) [spring-boot-2.7.18.jar:2.7.18]
	at org.springframework.boot.SpringApplication.run(SpringApplication.java:308) [spring-boot-2.7.18.jar:2.7.18]
	at org.springframework.boot.SpringApplication.run(SpringApplication.java:1300) [spring-boot-2.7.18.jar:2.7.18]
	at org.springframework.boot.SpringApplication.run(SpringApplication.java:1289) [spring-boot-2.7.18.jar:2.7.18]
	at net.mingsoft.MSApplication.main(MSApplication.java:34) [classes/:?]
Caused by: com.mysql.cj.exceptions.CJException: Access denied for user 'root'@'localhost' (using password: YES)
	at jdk.internal.reflect.DirectConstructorHandleAccessor.newInstance(DirectConstructorHandleAccessor.java:62) ~[?:?]
	at java.lang.reflect.Constructor.newInstanceWithCaller(Constructor.java:502) ~[?:?]
	at java.lang.reflect.Constructor.newInstance(Constructor.java:486) ~[?:?]
	at com.mysql.cj.exceptions.ExceptionFactory.createException(ExceptionFactory.java:62) ~[mysql-connector-j-8.0.33.jar:8.0.33]
	at com.mysql.cj.exceptions.ExceptionFactory.createException(ExceptionFactory.java:105) ~[mysql-connector-j-8.0.33.jar:8.0.33]
	at com.mysql.cj.exceptions.ExceptionFactory.createException(ExceptionFactory.java:150) ~[mysql-connector-j-8.0.33.jar:8.0.33]
	at com.mysql.cj.exceptions.ExceptionFactory.createException(ExceptionFactory.java:128) ~[mysql-connector-j-8.0.33.jar:8.0.33]
	at com.mysql.cj.protocol.a.NativeProtocol.checkErrorMessage(NativeProtocol.java:849) ~[mysql-connector-j-8.0.33.jar:8.0.33]
	at com.mysql.cj.protocol.a.NativeProtocol.checkErrorMessage(NativeProtocol.java:771) ~[mysql-connector-j-8.0.33.jar:8.0.33]
	at com.mysql.cj.protocol.a.NativeProtocol.checkErrorMessage(NativeProtocol.java:739) ~[mysql-connector-j-8.0.33.jar:8.0.33]
	at com.mysql.cj.protocol.a.NativeProtocol.checkErrorMessage(NativeProtocol.java:156) ~[mysql-connector-j-8.0.33.jar:8.0.33]
	at com.mysql.cj.protocol.a.NativeAuthenticationProvider.proceedHandshakeWithPluggableAuthentication(NativeAuthenticationProvider.java:468) ~[mysql-connector-j-8.0.33.jar:8.0.33]
	at com.mysql.cj.protocol.a.NativeAuthenticationProvider.connect(NativeAuthenticationProvider.java:213) ~[mysql-connector-j-8.0.33.jar:8.0.33]
	at com.mysql.cj.protocol.a.NativeProtocol.connect(NativeProtocol.java:1430) ~[mysql-connector-j-8.0.33.jar:8.0.33]
	at com.mysql.cj.NativeSession.connect(NativeSession.java:134) ~[mysql-connector-j-8.0.33.jar:8.0.33]
	at com.mysql.cj.jdbc.ConnectionImpl.connectWithRetries(ConnectionImpl.java:839) ~[mysql-connector-j-8.0.33.jar:8.0.33]
	... 132 more

[2m2025-04-17 16:06:25.036[0;39m [[33m WARN[0;39m] [35m5104[0;39m [2m[           main ][0;39m [33mcom.baomidou.mybatisplus.core.injector.AbstractMethod[0;39m:405 [2m:[0;39m [net.mingsoft.basic.dao.IManagerDao.delete] Has been loaded by XML or SqlProvider or Mybatis's Annotation, so ignoring this injection for [class com.baomidou.mybatisplus.core.injector.methods.Delete]
[2m2025-04-17 16:06:25.316[0;39m [[33m WARN[0;39m] [35m5104[0;39m [2m[           main ][0;39m [33mcom.baomidou.mybatisplus.core.injector.AbstractMethod[0;39m:405 [2m:[0;39m [net.mingsoft.basic.dao.IModelDao.delete] Has been loaded by XML or SqlProvider or Mybatis's Annotation, so ignoring this injection for [class com.baomidou.mybatisplus.core.injector.methods.Delete]
[2m2025-04-17 16:06:25.358[0;39m [[33m WARN[0;39m] [35m5104[0;39m [2m[           main ][0;39m [33mcom.baomidou.mybatisplus.core.metadata.TableInfoHelper[0;39m:347 [2m:[0;39m Can not find table primary key in Class: "net.mingsoft.basic.entity.RoleModelEntity".
[2m2025-04-17 16:06:25.359[0;39m [[33m WARN[0;39m] [35m5104[0;39m [2m[           main ][0;39m [33mcom.baomidou.mybatisplus.core.injector.DefaultSqlInjector[0;39m:56 [2m:[0;39m class net.mingsoft.basic.entity.RoleModelEntity ,Not found @TableId annotation, Cannot use Mybatis-Plus 'xxById' Method.
[2m2025-04-17 16:06:26.747[0;39m [[33m WARN[0;39m] [35m5104[0;39m [2m[           main ][0;39m [33mcom.baomidou.mybatisplus.core.injector.AbstractMethod[0;39m:405 [2m:[0;39m [net.mingsoft.cms.dao.ICategoryDao.delete] Has been loaded by XML or SqlProvider or Mybatis's Annotation, so ignoring this injection for [class com.baomidou.mybatisplus.core.injector.methods.Delete]
[2m2025-04-17 16:06:26.799[0;39m [[33m WARN[0;39m] [35m5104[0;39m [2m[           main ][0;39m [33mcom.baomidou.mybatisplus.core.injector.AbstractMethod[0;39m:405 [2m:[0;39m [net.mingsoft.cms.dao.IContentDao.delete] Has been loaded by XML or SqlProvider or Mybatis's Annotation, so ignoring this injection for [class com.baomidou.mybatisplus.core.injector.methods.Delete]
[2m2025-04-17 16:06:27.051[0;39m [[33m WARN[0;39m] [35m5104[0;39m [2m[           main ][0;39m [33mcom.baomidou.mybatisplus.core.injector.AbstractMethod[0;39m:405 [2m:[0;39m [net.mingsoft.mdiy.dao.IModelDao.delete] Has been loaded by XML or SqlProvider or Mybatis's Annotation, so ignoring this injection for [class com.baomidou.mybatisplus.core.injector.methods.Delete]
[2m2025-04-17 16:06:27.293[0;39m [[33m WARN[0;39m] [35m5104[0;39m [2m[           main ][0;39m [33mcom.baomidou.mybatisplus.core.injector.AbstractMethod[0;39m:405 [2m:[0;39m [net.mingsoft.mdiy.dao.ITagDao.delete] Has been loaded by XML or SqlProvider or Mybatis's Annotation, so ignoring this injection for [class com.baomidou.mybatisplus.core.injector.methods.Delete]
[2m2025-04-17 16:06:27.740[0;39m [[33m WARN[0;39m] [35m5104[0;39m [2m[           main ][0;39m [33mcom.baomidou.mybatisplus.core.injector.AbstractMethod[0;39m:405 [2m:[0;39m [net.mingsoft.cms.dao.ICmsHistoryLogDao.delete] Has been loaded by XML or SqlProvider or Mybatis's Annotation, so ignoring this injection for [class com.baomidou.mybatisplus.core.injector.methods.Delete]
[2m2025-04-17 16:06:28.234[0;39m [[33m WARN[0;39m] [35m5104[0;39m [2m[           main ][0;39m [33mcom.baomidou.mybatisplus.core.injector.AbstractMethod[0;39m:405 [2m:[0;39m [net.mingsoft.basic.dao.ILogDao.delete] Has been loaded by XML or SqlProvider or Mybatis's Annotation, so ignoring this injection for [class com.baomidou.mybatisplus.core.injector.methods.Delete]
[2m2025-04-17 16:06:28.443[0;39m [[33m WARN[0;39m] [35m5104[0;39m [2m[           main ][0;39m [33mcom.baomidou.mybatisplus.core.injector.AbstractMethod[0;39m:405 [2m:[0;39m [net.mingsoft.basic.dao.IRoleDao.delete] Has been loaded by XML or SqlProvider or Mybatis's Annotation, so ignoring this injection for [class com.baomidou.mybatisplus.core.injector.methods.Delete]
[2m2025-04-17 16:06:28.668[0;39m [[33m WARN[0;39m] [35m5104[0;39m [2m[           main ][0;39m [33mcom.baomidou.mybatisplus.core.injector.AbstractMethod[0;39m:405 [2m:[0;39m [net.mingsoft.basic.dao.ICityDao.delete] Has been loaded by XML or SqlProvider or Mybatis's Annotation, so ignoring this injection for [class com.baomidou.mybatisplus.core.injector.methods.Delete]
[2m2025-04-17 16:06:29.460[0;39m [[33m WARN[0;39m] [35m5104[0;39m [2m[           main ][0;39m [33mcom.baomidou.mybatisplus.core.injector.AbstractMethod[0;39m:405 [2m:[0;39m [net.mingsoft.mdiy.dao.IDictDao.delete] Has been loaded by XML or SqlProvider or Mybatis's Annotation, so ignoring this injection for [class com.baomidou.mybatisplus.core.injector.methods.Delete]
[2m2025-04-17 16:06:29.714[0;39m [[33m WARN[0;39m] [35m5104[0;39m [2m[           main ][0;39m [33mcom.baomidou.mybatisplus.core.injector.AbstractMethod[0;39m:405 [2m:[0;39m [net.mingsoft.mdiy.dao.IPageDao.delete] Has been loaded by XML or SqlProvider or Mybatis's Annotation, so ignoring this injection for [class com.baomidou.mybatisplus.core.injector.methods.Delete]
[2m2025-04-17 16:06:48.465[0;39m [[33m WARN[0;39m] [35m5104[0;39m [2m[nio-8080-exec-1 ][0;39m [33mcom.baomidou.mybatisplus.core.toolkit.support.ReflectLambdaMeta[0;39m:41 [2m:[0;39m Unable to make field private final java.lang.Class java.lang.invoke.SerializedLambda.capturingClass accessible: module java.base does not "opens java.lang.invoke" to unnamed module @611889f4
[2m2025-04-17 16:06:54.441[0;39m [[33m WARN[0;39m] [35m5104[0;39m [2m[nio-8080-exec-2 ][0;39m [33morg.apache.ibatis.io.SerialFilterChecker[0;39m:45 [2m:[0;39m As you are using functionality that deserializes object streams, it is recommended to define the JEP-290 serial filter. Please refer to https://docs.oracle.com/pls/topic/lookup?ctx=javase15&id=GUID-8296D8E8-2B93-4B9A-856E-0A65AF9B8C66
[2m2025-04-17 16:39:33.481[0;39m [[33m WARN[0;39m] [35m27932[0;39m [2m[           main ][0;39m [33mcom.baomidou.mybatisplus.core.injector.AbstractMethod[0;39m:405 [2m:[0;39m [net.mingsoft.basic.dao.IManagerDao.delete] Has been loaded by XML or SqlProvider or Mybatis's Annotation, so ignoring this injection for [class com.baomidou.mybatisplus.core.injector.methods.Delete]
[2m2025-04-17 16:39:33.783[0;39m [[33m WARN[0;39m] [35m27932[0;39m [2m[           main ][0;39m [33mcom.baomidou.mybatisplus.core.injector.AbstractMethod[0;39m:405 [2m:[0;39m [net.mingsoft.basic.dao.IModelDao.delete] Has been loaded by XML or SqlProvider or Mybatis's Annotation, so ignoring this injection for [class com.baomidou.mybatisplus.core.injector.methods.Delete]
[2m2025-04-17 16:39:33.847[0;39m [[33m WARN[0;39m] [35m27932[0;39m [2m[           main ][0;39m [33mcom.baomidou.mybatisplus.core.metadata.TableInfoHelper[0;39m:347 [2m:[0;39m Can not find table primary key in Class: "net.mingsoft.basic.entity.RoleModelEntity".
[2m2025-04-17 16:39:33.847[0;39m [[33m WARN[0;39m] [35m27932[0;39m [2m[           main ][0;39m [33mcom.baomidou.mybatisplus.core.injector.DefaultSqlInjector[0;39m:56 [2m:[0;39m class net.mingsoft.basic.entity.RoleModelEntity ,Not found @TableId annotation, Cannot use Mybatis-Plus 'xxById' Method.
[2m2025-04-17 16:39:35.249[0;39m [[33m WARN[0;39m] [35m27932[0;39m [2m[           main ][0;39m [33mcom.baomidou.mybatisplus.core.injector.AbstractMethod[0;39m:405 [2m:[0;39m [net.mingsoft.cms.dao.ICategoryDao.delete] Has been loaded by XML or SqlProvider or Mybatis's Annotation, so ignoring this injection for [class com.baomidou.mybatisplus.core.injector.methods.Delete]
[2m2025-04-17 16:39:35.296[0;39m [[33m WARN[0;39m] [35m27932[0;39m [2m[           main ][0;39m [33mcom.baomidou.mybatisplus.core.injector.AbstractMethod[0;39m:405 [2m:[0;39m [net.mingsoft.cms.dao.IContentDao.delete] Has been loaded by XML or SqlProvider or Mybatis's Annotation, so ignoring this injection for [class com.baomidou.mybatisplus.core.injector.methods.Delete]
[2m2025-04-17 16:39:35.575[0;39m [[33m WARN[0;39m] [35m27932[0;39m [2m[           main ][0;39m [33mcom.baomidou.mybatisplus.core.injector.AbstractMethod[0;39m:405 [2m:[0;39m [net.mingsoft.mdiy.dao.IModelDao.delete] Has been loaded by XML or SqlProvider or Mybatis's Annotation, so ignoring this injection for [class com.baomidou.mybatisplus.core.injector.methods.Delete]
[2m2025-04-17 16:39:35.840[0;39m [[33m WARN[0;39m] [35m27932[0;39m [2m[           main ][0;39m [33mcom.baomidou.mybatisplus.core.injector.AbstractMethod[0;39m:405 [2m:[0;39m [net.mingsoft.mdiy.dao.ITagDao.delete] Has been loaded by XML or SqlProvider or Mybatis's Annotation, so ignoring this injection for [class com.baomidou.mybatisplus.core.injector.methods.Delete]
[2m2025-04-17 16:39:36.333[0;39m [[33m WARN[0;39m] [35m27932[0;39m [2m[           main ][0;39m [33mcom.baomidou.mybatisplus.core.injector.AbstractMethod[0;39m:405 [2m:[0;39m [net.mingsoft.cms.dao.ICmsHistoryLogDao.delete] Has been loaded by XML or SqlProvider or Mybatis's Annotation, so ignoring this injection for [class com.baomidou.mybatisplus.core.injector.methods.Delete]
[2m2025-04-17 16:39:36.876[0;39m [[33m WARN[0;39m] [35m27932[0;39m [2m[           main ][0;39m [33mcom.baomidou.mybatisplus.core.injector.AbstractMethod[0;39m:405 [2m:[0;39m [net.mingsoft.basic.dao.ILogDao.delete] Has been loaded by XML or SqlProvider or Mybatis's Annotation, so ignoring this injection for [class com.baomidou.mybatisplus.core.injector.methods.Delete]
[2m2025-04-17 16:39:37.080[0;39m [[33m WARN[0;39m] [35m27932[0;39m [2m[           main ][0;39m [33mcom.baomidou.mybatisplus.core.injector.AbstractMethod[0;39m:405 [2m:[0;39m [net.mingsoft.basic.dao.IRoleDao.delete] Has been loaded by XML or SqlProvider or Mybatis's Annotation, so ignoring this injection for [class com.baomidou.mybatisplus.core.injector.methods.Delete]
[2m2025-04-17 16:39:37.333[0;39m [[33m WARN[0;39m] [35m27932[0;39m [2m[           main ][0;39m [33mcom.baomidou.mybatisplus.core.injector.AbstractMethod[0;39m:405 [2m:[0;39m [net.mingsoft.basic.dao.ICityDao.delete] Has been loaded by XML or SqlProvider or Mybatis's Annotation, so ignoring this injection for [class com.baomidou.mybatisplus.core.injector.methods.Delete]
[2m2025-04-17 16:39:38.180[0;39m [[33m WARN[0;39m] [35m27932[0;39m [2m[           main ][0;39m [33mcom.baomidou.mybatisplus.core.injector.AbstractMethod[0;39m:405 [2m:[0;39m [net.mingsoft.mdiy.dao.IDictDao.delete] Has been loaded by XML or SqlProvider or Mybatis's Annotation, so ignoring this injection for [class com.baomidou.mybatisplus.core.injector.methods.Delete]
[2m2025-04-17 16:39:38.462[0;39m [[33m WARN[0;39m] [35m27932[0;39m [2m[           main ][0;39m [33mcom.baomidou.mybatisplus.core.injector.AbstractMethod[0;39m:405 [2m:[0;39m [net.mingsoft.mdiy.dao.IPageDao.delete] Has been loaded by XML or SqlProvider or Mybatis's Annotation, so ignoring this injection for [class com.baomidou.mybatisplus.core.injector.methods.Delete]
[2m2025-04-17 17:03:54.561[0;39m [[33m WARN[0;39m] [35m31792[0;39m [2m[           main ][0;39m [33mcom.baomidou.mybatisplus.core.injector.AbstractMethod[0;39m:405 [2m:[0;39m [net.mingsoft.basic.dao.IManagerDao.delete] Has been loaded by XML or SqlProvider or Mybatis's Annotation, so ignoring this injection for [class com.baomidou.mybatisplus.core.injector.methods.Delete]
[2m2025-04-17 17:03:54.845[0;39m [[33m WARN[0;39m] [35m31792[0;39m [2m[           main ][0;39m [33mcom.baomidou.mybatisplus.core.injector.AbstractMethod[0;39m:405 [2m:[0;39m [net.mingsoft.basic.dao.IModelDao.delete] Has been loaded by XML or SqlProvider or Mybatis's Annotation, so ignoring this injection for [class com.baomidou.mybatisplus.core.injector.methods.Delete]
[2m2025-04-17 17:03:54.901[0;39m [[33m WARN[0;39m] [35m31792[0;39m [2m[           main ][0;39m [33mcom.baomidou.mybatisplus.core.metadata.TableInfoHelper[0;39m:347 [2m:[0;39m Can not find table primary key in Class: "net.mingsoft.basic.entity.RoleModelEntity".
[2m2025-04-17 17:03:54.902[0;39m [[33m WARN[0;39m] [35m31792[0;39m [2m[           main ][0;39m [33mcom.baomidou.mybatisplus.core.injector.DefaultSqlInjector[0;39m:56 [2m:[0;39m class net.mingsoft.basic.entity.RoleModelEntity ,Not found @TableId annotation, Cannot use Mybatis-Plus 'xxById' Method.
[2m2025-04-17 17:03:56.240[0;39m [[33m WARN[0;39m] [35m31792[0;39m [2m[           main ][0;39m [33mcom.baomidou.mybatisplus.core.injector.AbstractMethod[0;39m:405 [2m:[0;39m [net.mingsoft.cms.dao.ICategoryDao.delete] Has been loaded by XML or SqlProvider or Mybatis's Annotation, so ignoring this injection for [class com.baomidou.mybatisplus.core.injector.methods.Delete]
[2m2025-04-17 17:03:56.294[0;39m [[33m WARN[0;39m] [35m31792[0;39m [2m[           main ][0;39m [33mcom.baomidou.mybatisplus.core.injector.AbstractMethod[0;39m:405 [2m:[0;39m [net.mingsoft.cms.dao.IContentDao.delete] Has been loaded by XML or SqlProvider or Mybatis's Annotation, so ignoring this injection for [class com.baomidou.mybatisplus.core.injector.methods.Delete]
[2m2025-04-17 17:03:56.565[0;39m [[33m WARN[0;39m] [35m31792[0;39m [2m[           main ][0;39m [33mcom.baomidou.mybatisplus.core.injector.AbstractMethod[0;39m:405 [2m:[0;39m [net.mingsoft.mdiy.dao.IModelDao.delete] Has been loaded by XML or SqlProvider or Mybatis's Annotation, so ignoring this injection for [class com.baomidou.mybatisplus.core.injector.methods.Delete]
[2m2025-04-17 17:03:56.848[0;39m [[33m WARN[0;39m] [35m31792[0;39m [2m[           main ][0;39m [33mcom.baomidou.mybatisplus.core.injector.AbstractMethod[0;39m:405 [2m:[0;39m [net.mingsoft.mdiy.dao.ITagDao.delete] Has been loaded by XML or SqlProvider or Mybatis's Annotation, so ignoring this injection for [class com.baomidou.mybatisplus.core.injector.methods.Delete]
[2m2025-04-17 17:03:57.271[0;39m [[33m WARN[0;39m] [35m31792[0;39m [2m[           main ][0;39m [33mcom.baomidou.mybatisplus.core.injector.AbstractMethod[0;39m:405 [2m:[0;39m [net.mingsoft.cms.dao.ICmsHistoryLogDao.delete] Has been loaded by XML or SqlProvider or Mybatis's Annotation, so ignoring this injection for [class com.baomidou.mybatisplus.core.injector.methods.Delete]
[2m2025-04-17 17:03:57.826[0;39m [[33m WARN[0;39m] [35m31792[0;39m [2m[           main ][0;39m [33mcom.baomidou.mybatisplus.core.injector.AbstractMethod[0;39m:405 [2m:[0;39m [net.mingsoft.basic.dao.ILogDao.delete] Has been loaded by XML or SqlProvider or Mybatis's Annotation, so ignoring this injection for [class com.baomidou.mybatisplus.core.injector.methods.Delete]
[2m2025-04-17 17:03:58.068[0;39m [[33m WARN[0;39m] [35m31792[0;39m [2m[           main ][0;39m [33mcom.baomidou.mybatisplus.core.injector.AbstractMethod[0;39m:405 [2m:[0;39m [net.mingsoft.basic.dao.IRoleDao.delete] Has been loaded by XML or SqlProvider or Mybatis's Annotation, so ignoring this injection for [class com.baomidou.mybatisplus.core.injector.methods.Delete]
[2m2025-04-17 17:03:58.313[0;39m [[33m WARN[0;39m] [35m31792[0;39m [2m[           main ][0;39m [33mcom.baomidou.mybatisplus.core.injector.AbstractMethod[0;39m:405 [2m:[0;39m [net.mingsoft.basic.dao.ICityDao.delete] Has been loaded by XML or SqlProvider or Mybatis's Annotation, so ignoring this injection for [class com.baomidou.mybatisplus.core.injector.methods.Delete]
[2m2025-04-17 17:03:59.230[0;39m [[33m WARN[0;39m] [35m31792[0;39m [2m[           main ][0;39m [33mcom.baomidou.mybatisplus.core.injector.AbstractMethod[0;39m:405 [2m:[0;39m [net.mingsoft.mdiy.dao.IDictDao.delete] Has been loaded by XML or SqlProvider or Mybatis's Annotation, so ignoring this injection for [class com.baomidou.mybatisplus.core.injector.methods.Delete]
[2m2025-04-17 17:03:59.597[0;39m [[33m WARN[0;39m] [35m31792[0;39m [2m[           main ][0;39m [33mcom.baomidou.mybatisplus.core.injector.AbstractMethod[0;39m:405 [2m:[0;39m [net.mingsoft.mdiy.dao.IPageDao.delete] Has been loaded by XML or SqlProvider or Mybatis's Annotation, so ignoring this injection for [class com.baomidou.mybatisplus.core.injector.methods.Delete]
[2m2025-04-17 17:04:06.823[0;39m [[33m WARN[0;39m] [35m31792[0;39m [2m[nio-8080-exec-6 ][0;39m [33mcom.baomidou.mybatisplus.core.toolkit.support.ReflectLambdaMeta[0;39m:41 [2m:[0;39m Unable to make field private final java.lang.Class java.lang.invoke.SerializedLambda.capturingClass accessible: module java.base does not "opens java.lang.invoke" to unnamed module @48f278eb
[2m2025-04-17 17:04:12.400[0;39m [[33m WARN[0;39m] [35m31792[0;39m [2m[nio-8080-exec-4 ][0;39m [33morg.apache.ibatis.io.SerialFilterChecker[0;39m:45 [2m:[0;39m As you are using functionality that deserializes object streams, it is recommended to define the JEP-290 serial filter. Please refer to https://docs.oracle.com/pls/topic/lookup?ctx=javase15&id=GUID-8296D8E8-2B93-4B9A-856E-0A65AF9B8C66
[2m2025-04-17 17:47:38.900[0;39m [[33m WARN[0;39m] [35m8944[0;39m [2m[           main ][0;39m [33mcom.baomidou.mybatisplus.core.injector.AbstractMethod[0;39m:405 [2m:[0;39m [net.mingsoft.basic.dao.IManagerDao.delete] Has been loaded by XML or SqlProvider or Mybatis's Annotation, so ignoring this injection for [class com.baomidou.mybatisplus.core.injector.methods.Delete]
[2m2025-04-17 17:47:39.169[0;39m [[33m WARN[0;39m] [35m8944[0;39m [2m[           main ][0;39m [33mcom.baomidou.mybatisplus.core.injector.AbstractMethod[0;39m:405 [2m:[0;39m [net.mingsoft.basic.dao.IModelDao.delete] Has been loaded by XML or SqlProvider or Mybatis's Annotation, so ignoring this injection for [class com.baomidou.mybatisplus.core.injector.methods.Delete]
[2m2025-04-17 17:47:39.209[0;39m [[33m WARN[0;39m] [35m8944[0;39m [2m[           main ][0;39m [33mcom.baomidou.mybatisplus.core.metadata.TableInfoHelper[0;39m:347 [2m:[0;39m Can not find table primary key in Class: "net.mingsoft.basic.entity.RoleModelEntity".
[2m2025-04-17 17:47:39.209[0;39m [[33m WARN[0;39m] [35m8944[0;39m [2m[           main ][0;39m [33mcom.baomidou.mybatisplus.core.injector.DefaultSqlInjector[0;39m:56 [2m:[0;39m class net.mingsoft.basic.entity.RoleModelEntity ,Not found @TableId annotation, Cannot use Mybatis-Plus 'xxById' Method.
[2m2025-04-17 17:47:40.534[0;39m [[33m WARN[0;39m] [35m8944[0;39m [2m[           main ][0;39m [33mcom.baomidou.mybatisplus.core.injector.AbstractMethod[0;39m:405 [2m:[0;39m [net.mingsoft.cms.dao.ICategoryDao.delete] Has been loaded by XML or SqlProvider or Mybatis's Annotation, so ignoring this injection for [class com.baomidou.mybatisplus.core.injector.methods.Delete]
[2m2025-04-17 17:47:40.584[0;39m [[33m WARN[0;39m] [35m8944[0;39m [2m[           main ][0;39m [33mcom.baomidou.mybatisplus.core.injector.AbstractMethod[0;39m:405 [2m:[0;39m [net.mingsoft.cms.dao.IContentDao.delete] Has been loaded by XML or SqlProvider or Mybatis's Annotation, so ignoring this injection for [class com.baomidou.mybatisplus.core.injector.methods.Delete]
[2m2025-04-17 17:47:40.865[0;39m [[33m WARN[0;39m] [35m8944[0;39m [2m[           main ][0;39m [33mcom.baomidou.mybatisplus.core.injector.AbstractMethod[0;39m:405 [2m:[0;39m [net.mingsoft.mdiy.dao.IModelDao.delete] Has been loaded by XML or SqlProvider or Mybatis's Annotation, so ignoring this injection for [class com.baomidou.mybatisplus.core.injector.methods.Delete]
[2m2025-04-17 17:47:41.109[0;39m [[33m WARN[0;39m] [35m8944[0;39m [2m[           main ][0;39m [33mcom.baomidou.mybatisplus.core.injector.AbstractMethod[0;39m:405 [2m:[0;39m [net.mingsoft.mdiy.dao.ITagDao.delete] Has been loaded by XML or SqlProvider or Mybatis's Annotation, so ignoring this injection for [class com.baomidou.mybatisplus.core.injector.methods.Delete]
[2m2025-04-17 17:47:41.574[0;39m [[33m WARN[0;39m] [35m8944[0;39m [2m[           main ][0;39m [33mcom.baomidou.mybatisplus.core.injector.AbstractMethod[0;39m:405 [2m:[0;39m [net.mingsoft.cms.dao.ICmsHistoryLogDao.delete] Has been loaded by XML or SqlProvider or Mybatis's Annotation, so ignoring this injection for [class com.baomidou.mybatisplus.core.injector.methods.Delete]
[2m2025-04-17 17:50:23.734[0;39m [[33m WARN[0;39m] [35m14520[0;39m [2m[           main ][0;39m [33mcom.baomidou.mybatisplus.core.injector.AbstractMethod[0;39m:405 [2m:[0;39m [net.mingsoft.basic.dao.IManagerDao.delete] Has been loaded by XML or SqlProvider or Mybatis's Annotation, so ignoring this injection for [class com.baomidou.mybatisplus.core.injector.methods.Delete]
[2m2025-04-17 17:50:24.007[0;39m [[33m WARN[0;39m] [35m14520[0;39m [2m[           main ][0;39m [33mcom.baomidou.mybatisplus.core.injector.AbstractMethod[0;39m:405 [2m:[0;39m [net.mingsoft.basic.dao.IModelDao.delete] Has been loaded by XML or SqlProvider or Mybatis's Annotation, so ignoring this injection for [class com.baomidou.mybatisplus.core.injector.methods.Delete]
[2m2025-04-17 17:50:24.046[0;39m [[33m WARN[0;39m] [35m14520[0;39m [2m[           main ][0;39m [33mcom.baomidou.mybatisplus.core.metadata.TableInfoHelper[0;39m:347 [2m:[0;39m Can not find table primary key in Class: "net.mingsoft.basic.entity.RoleModelEntity".
[2m2025-04-17 17:50:24.046[0;39m [[33m WARN[0;39m] [35m14520[0;39m [2m[           main ][0;39m [33mcom.baomidou.mybatisplus.core.injector.DefaultSqlInjector[0;39m:56 [2m:[0;39m class net.mingsoft.basic.entity.RoleModelEntity ,Not found @TableId annotation, Cannot use Mybatis-Plus 'xxById' Method.
[2m2025-04-17 17:50:25.445[0;39m [[33m WARN[0;39m] [35m14520[0;39m [2m[           main ][0;39m [33mcom.baomidou.mybatisplus.core.injector.AbstractMethod[0;39m:405 [2m:[0;39m [net.mingsoft.cms.dao.ICategoryDao.delete] Has been loaded by XML or SqlProvider or Mybatis's Annotation, so ignoring this injection for [class com.baomidou.mybatisplus.core.injector.methods.Delete]
[2m2025-04-17 17:50:25.487[0;39m [[33m WARN[0;39m] [35m14520[0;39m [2m[           main ][0;39m [33mcom.baomidou.mybatisplus.core.injector.AbstractMethod[0;39m:405 [2m:[0;39m [net.mingsoft.cms.dao.IContentDao.delete] Has been loaded by XML or SqlProvider or Mybatis's Annotation, so ignoring this injection for [class com.baomidou.mybatisplus.core.injector.methods.Delete]
[2m2025-04-17 17:50:25.742[0;39m [[33m WARN[0;39m] [35m14520[0;39m [2m[           main ][0;39m [33mcom.baomidou.mybatisplus.core.injector.AbstractMethod[0;39m:405 [2m:[0;39m [net.mingsoft.mdiy.dao.IModelDao.delete] Has been loaded by XML or SqlProvider or Mybatis's Annotation, so ignoring this injection for [class com.baomidou.mybatisplus.core.injector.methods.Delete]
[2m2025-04-17 17:50:25.982[0;39m [[33m WARN[0;39m] [35m14520[0;39m [2m[           main ][0;39m [33mcom.baomidou.mybatisplus.core.injector.AbstractMethod[0;39m:405 [2m:[0;39m [net.mingsoft.mdiy.dao.ITagDao.delete] Has been loaded by XML or SqlProvider or Mybatis's Annotation, so ignoring this injection for [class com.baomidou.mybatisplus.core.injector.methods.Delete]
[2m2025-04-17 17:50:26.420[0;39m [[33m WARN[0;39m] [35m14520[0;39m [2m[           main ][0;39m [33mcom.baomidou.mybatisplus.core.injector.AbstractMethod[0;39m:405 [2m:[0;39m [net.mingsoft.cms.dao.ICmsHistoryLogDao.delete] Has been loaded by XML or SqlProvider or Mybatis's Annotation, so ignoring this injection for [class com.baomidou.mybatisplus.core.injector.methods.Delete]
[2m2025-04-17 17:53:34.531[0;39m [[33m WARN[0;39m] [35m18376[0;39m [2m[           main ][0;39m [33mcom.baomidou.mybatisplus.core.injector.AbstractMethod[0;39m:405 [2m:[0;39m [net.mingsoft.basic.dao.IManagerDao.delete] Has been loaded by XML or SqlProvider or Mybatis's Annotation, so ignoring this injection for [class com.baomidou.mybatisplus.core.injector.methods.Delete]
[2m2025-04-17 17:53:34.840[0;39m [[33m WARN[0;39m] [35m18376[0;39m [2m[           main ][0;39m [33mcom.baomidou.mybatisplus.core.injector.AbstractMethod[0;39m:405 [2m:[0;39m [net.mingsoft.basic.dao.IModelDao.delete] Has been loaded by XML or SqlProvider or Mybatis's Annotation, so ignoring this injection for [class com.baomidou.mybatisplus.core.injector.methods.Delete]
[2m2025-04-17 17:53:34.875[0;39m [[33m WARN[0;39m] [35m18376[0;39m [2m[           main ][0;39m [33mcom.baomidou.mybatisplus.core.metadata.TableInfoHelper[0;39m:347 [2m:[0;39m Can not find table primary key in Class: "net.mingsoft.basic.entity.RoleModelEntity".
[2m2025-04-17 17:53:34.876[0;39m [[33m WARN[0;39m] [35m18376[0;39m [2m[           main ][0;39m [33mcom.baomidou.mybatisplus.core.injector.DefaultSqlInjector[0;39m:56 [2m:[0;39m class net.mingsoft.basic.entity.RoleModelEntity ,Not found @TableId annotation, Cannot use Mybatis-Plus 'xxById' Method.
[2m2025-04-17 17:53:36.182[0;39m [[33m WARN[0;39m] [35m18376[0;39m [2m[           main ][0;39m [33mcom.baomidou.mybatisplus.core.injector.AbstractMethod[0;39m:405 [2m:[0;39m [net.mingsoft.cms.dao.ICategoryDao.delete] Has been loaded by XML or SqlProvider or Mybatis's Annotation, so ignoring this injection for [class com.baomidou.mybatisplus.core.injector.methods.Delete]
[2m2025-04-17 17:53:36.234[0;39m [[33m WARN[0;39m] [35m18376[0;39m [2m[           main ][0;39m [33mcom.baomidou.mybatisplus.core.injector.AbstractMethod[0;39m:405 [2m:[0;39m [net.mingsoft.cms.dao.IContentDao.delete] Has been loaded by XML or SqlProvider or Mybatis's Annotation, so ignoring this injection for [class com.baomidou.mybatisplus.core.injector.methods.Delete]
[2m2025-04-17 17:53:36.485[0;39m [[33m WARN[0;39m] [35m18376[0;39m [2m[           main ][0;39m [33mcom.baomidou.mybatisplus.core.injector.AbstractMethod[0;39m:405 [2m:[0;39m [net.mingsoft.mdiy.dao.IModelDao.delete] Has been loaded by XML or SqlProvider or Mybatis's Annotation, so ignoring this injection for [class com.baomidou.mybatisplus.core.injector.methods.Delete]
[2m2025-04-17 17:53:36.734[0;39m [[33m WARN[0;39m] [35m18376[0;39m [2m[           main ][0;39m [33mcom.baomidou.mybatisplus.core.injector.AbstractMethod[0;39m:405 [2m:[0;39m [net.mingsoft.mdiy.dao.ITagDao.delete] Has been loaded by XML or SqlProvider or Mybatis's Annotation, so ignoring this injection for [class com.baomidou.mybatisplus.core.injector.methods.Delete]
[2m2025-04-17 17:53:37.173[0;39m [[33m WARN[0;39m] [35m18376[0;39m [2m[           main ][0;39m [33mcom.baomidou.mybatisplus.core.injector.AbstractMethod[0;39m:405 [2m:[0;39m [net.mingsoft.cms.dao.ICmsHistoryLogDao.delete] Has been loaded by XML or SqlProvider or Mybatis's Annotation, so ignoring this injection for [class com.baomidou.mybatisplus.core.injector.methods.Delete]
[2m2025-04-17 17:54:56.347[0;39m [[33m WARN[0;39m] [35m18772[0;39m [2m[           main ][0;39m [33mcom.baomidou.mybatisplus.core.injector.AbstractMethod[0;39m:405 [2m:[0;39m [net.mingsoft.basic.dao.IManagerDao.delete] Has been loaded by XML or SqlProvider or Mybatis's Annotation, so ignoring this injection for [class com.baomidou.mybatisplus.core.injector.methods.Delete]
[2m2025-04-17 17:54:56.673[0;39m [[33m WARN[0;39m] [35m18772[0;39m [2m[           main ][0;39m [33mcom.baomidou.mybatisplus.core.injector.AbstractMethod[0;39m:405 [2m:[0;39m [net.mingsoft.basic.dao.IModelDao.delete] Has been loaded by XML or SqlProvider or Mybatis's Annotation, so ignoring this injection for [class com.baomidou.mybatisplus.core.injector.methods.Delete]
[2m2025-04-17 17:54:56.745[0;39m [[33m WARN[0;39m] [35m18772[0;39m [2m[           main ][0;39m [33mcom.baomidou.mybatisplus.core.metadata.TableInfoHelper[0;39m:347 [2m:[0;39m Can not find table primary key in Class: "net.mingsoft.basic.entity.RoleModelEntity".
[2m2025-04-17 17:54:56.745[0;39m [[33m WARN[0;39m] [35m18772[0;39m [2m[           main ][0;39m [33mcom.baomidou.mybatisplus.core.injector.DefaultSqlInjector[0;39m:56 [2m:[0;39m class net.mingsoft.basic.entity.RoleModelEntity ,Not found @TableId annotation, Cannot use Mybatis-Plus 'xxById' Method.
[2m2025-04-17 17:54:58.166[0;39m [[33m WARN[0;39m] [35m18772[0;39m [2m[           main ][0;39m [33mcom.baomidou.mybatisplus.core.injector.AbstractMethod[0;39m:405 [2m:[0;39m [net.mingsoft.cms.dao.ICategoryDao.delete] Has been loaded by XML or SqlProvider or Mybatis's Annotation, so ignoring this injection for [class com.baomidou.mybatisplus.core.injector.methods.Delete]
[2m2025-04-17 17:54:58.224[0;39m [[33m WARN[0;39m] [35m18772[0;39m [2m[           main ][0;39m [33mcom.baomidou.mybatisplus.core.injector.AbstractMethod[0;39m:405 [2m:[0;39m [net.mingsoft.cms.dao.IContentDao.delete] Has been loaded by XML or SqlProvider or Mybatis's Annotation, so ignoring this injection for [class com.baomidou.mybatisplus.core.injector.methods.Delete]
[2m2025-04-17 17:54:58.479[0;39m [[33m WARN[0;39m] [35m18772[0;39m [2m[           main ][0;39m [33mcom.baomidou.mybatisplus.core.injector.AbstractMethod[0;39m:405 [2m:[0;39m [net.mingsoft.mdiy.dao.IModelDao.delete] Has been loaded by XML or SqlProvider or Mybatis's Annotation, so ignoring this injection for [class com.baomidou.mybatisplus.core.injector.methods.Delete]
[2m2025-04-17 17:54:58.766[0;39m [[33m WARN[0;39m] [35m18772[0;39m [2m[           main ][0;39m [33mcom.baomidou.mybatisplus.core.injector.AbstractMethod[0;39m:405 [2m:[0;39m [net.mingsoft.mdiy.dao.ITagDao.delete] Has been loaded by XML or SqlProvider or Mybatis's Annotation, so ignoring this injection for [class com.baomidou.mybatisplus.core.injector.methods.Delete]
[2m2025-04-17 17:54:59.202[0;39m [[33m WARN[0;39m] [35m18772[0;39m [2m[           main ][0;39m [33mcom.baomidou.mybatisplus.core.injector.AbstractMethod[0;39m:405 [2m:[0;39m [net.mingsoft.cms.dao.ICmsHistoryLogDao.delete] Has been loaded by XML or SqlProvider or Mybatis's Annotation, so ignoring this injection for [class com.baomidou.mybatisplus.core.injector.methods.Delete]
[2m2025-04-17 17:54:59.855[0;39m [[33m WARN[0;39m] [35m18772[0;39m [2m[           main ][0;39m [33mcom.baomidou.mybatisplus.core.injector.AbstractMethod[0;39m:405 [2m:[0;39m [net.mingsoft.basic.dao.ILogDao.delete] Has been loaded by XML or SqlProvider or Mybatis's Annotation, so ignoring this injection for [class com.baomidou.mybatisplus.core.injector.methods.Delete]
[2m2025-04-17 17:55:00.059[0;39m [[33m WARN[0;39m] [35m18772[0;39m [2m[           main ][0;39m [33mcom.baomidou.mybatisplus.core.injector.AbstractMethod[0;39m:405 [2m:[0;39m [net.mingsoft.basic.dao.IRoleDao.delete] Has been loaded by XML or SqlProvider or Mybatis's Annotation, so ignoring this injection for [class com.baomidou.mybatisplus.core.injector.methods.Delete]
[2m2025-04-17 17:55:00.306[0;39m [[33m WARN[0;39m] [35m18772[0;39m [2m[           main ][0;39m [33mcom.baomidou.mybatisplus.core.injector.AbstractMethod[0;39m:405 [2m:[0;39m [net.mingsoft.basic.dao.ICityDao.delete] Has been loaded by XML or SqlProvider or Mybatis's Annotation, so ignoring this injection for [class com.baomidou.mybatisplus.core.injector.methods.Delete]
[2m2025-04-17 17:55:01.176[0;39m [[33m WARN[0;39m] [35m18772[0;39m [2m[           main ][0;39m [33mcom.baomidou.mybatisplus.core.injector.AbstractMethod[0;39m:405 [2m:[0;39m [net.mingsoft.mdiy.dao.IDictDao.delete] Has been loaded by XML or SqlProvider or Mybatis's Annotation, so ignoring this injection for [class com.baomidou.mybatisplus.core.injector.methods.Delete]
[2m2025-04-17 17:55:01.458[0;39m [[33m WARN[0;39m] [35m18772[0;39m [2m[           main ][0;39m [33mcom.baomidou.mybatisplus.core.injector.AbstractMethod[0;39m:405 [2m:[0;39m [net.mingsoft.mdiy.dao.IPageDao.delete] Has been loaded by XML or SqlProvider or Mybatis's Annotation, so ignoring this injection for [class com.baomidou.mybatisplus.core.injector.methods.Delete]
